{"C:\\Users\\joshe\\Desktop\\Taller Node\\latest\\nodejs-nexus\\src\\modules\\auth\\auth.controller.ts": {"path":"C:\\Users\\joshe\\Desktop\\Taller Node\\latest\\nodejs-nexus\\src\\modules\\auth\\auth.controller.ts","statementMap":{"0":{"start":{"line":1,"column":0},"end":{"line":1,"column":45}},"1":{"start":{"line":2,"column":0},"end":{"line":2,"column":51}},"2":{"start":{"line":3,"column":0},"end":{"line":3,"column":55}},"3":{"start":{"line":8,"column":22},"end":{"line":8,"column":46}},"4":{"start":{"line":11,"column":4},"end":{"line":21,"column":5}},"5":{"start":{"line":12,"column":19},"end":{"line":12,"column":60}},"6":{"start":{"line":13,"column":27},"end":{"line":17,"column":8}},"7":{"start":{"line":18,"column":6},"end":{"line":18,"column":51}},"8":{"start":{"line":20,"column":6},"end":{"line":20,"column":35}},"9":{"start":{"line":25,"column":4},"end":{"line":32,"column":5}},"10":{"start":{"line":26,"column":44},"end":{"line":27,"column":null}},"11":{"start":{"line":29,"column":6},"end":{"line":29,"column":58}},"12":{"start":{"line":31,"column":6},"end":{"line":31,"column":35}},"13":{"start":{"line":36,"column":4},"end":{"line":49,"column":5}},"14":{"start":{"line":37,"column":31},"end":{"line":37,"column":58}},"15":{"start":{"line":38,"column":6},"end":{"line":44,"column":7}},"16":{"start":{"line":39,"column":8},"end":{"line":43,"column":10}},"17":{"start":{"line":45,"column":30},"end":{"line":45,"column":68}},"18":{"start":{"line":46,"column":6},"end":{"line":46,"column":44}},"19":{"start":{"line":48,"column":6},"end":{"line":48,"column":35}},"20":{"start":{"line":53,"column":4},"end":{"line":53,"column":27}},"21":{"start":{"line":57,"column":4},"end":{"line":65,"column":5}},"22":{"start":{"line":58,"column":6},"end":{"line":63,"column":9}},"23":{"start":{"line":64,"column":6},"end":{"line":64,"column":13}},"24":{"start":{"line":66,"column":4},"end":{"line":66,"column":25}},"25":{"start":{"line":67,"column":4},"end":{"line":69,"column":7}},"26":{"start":{"line":73,"column":20},"end":{"line":73,"column":37}},"27":{"start":{"line":74,"column":20},"end":{"line":74,"column":48}},"28":{"start":{"line":75,"column":13},"end":{"line":75,"column":62}}},"fnMap":{"0":{"name":"(anonymous_0)","decl":{"start":{"line":8,"column":2},"end":{"line":8,"column":22}},"loc":{"start":{"line":8,"column":46},"end":{"line":8,"column":50}}},"1":{"name":"(anonymous_1)","decl":{"start":{"line":10,"column":9},"end":{"line":10,"column":14}},"loc":{"start":{"line":10,"column":51},"end":{"line":22,"column":3}}},"2":{"name":"(anonymous_2)","decl":{"start":{"line":24,"column":9},"end":{"line":24,"column":14}},"loc":{"start":{"line":24,"column":48},"end":{"line":33,"column":3}}},"3":{"name":"(anonymous_3)","decl":{"start":{"line":35,"column":9},"end":{"line":35,"column":14}},"loc":{"start":{"line":35,"column":50},"end":{"line":50,"column":3}}},"4":{"name":"(anonymous_4)","decl":{"start":{"line":52,"column":9},"end":{"line":52,"column":15}},"loc":{"start":{"line":52,"column":44},"end":{"line":54,"column":3}}},"5":{"name":"(anonymous_5)","decl":{"start":{"line":56,"column":10},"end":{"line":56,"column":21}},"loc":{"start":{"line":56,"column":51},"end":{"line":70,"column":3}}}},"branchMap":{"0":{"loc":{"start":{"line":38,"column":6},"end":{"line":44,"column":7}},"type":"if","locations":[{"start":{"line":38,"column":6},"end":{"line":44,"column":7}},{"start":{},"end":{}}]},"1":{"loc":{"start":{"line":57,"column":4},"end":{"line":65,"column":5}},"type":"if","locations":[{"start":{"line":57,"column":4},"end":{"line":65,"column":5}},{"start":{},"end":{}}]}},"s":{"0":1,"1":1,"2":1,"3":1,"4":1,"5":1,"6":1,"7":1,"8":0,"9":1,"10":1,"11":1,"12":0,"13":1,"14":1,"15":1,"16":0,"17":1,"18":1,"19":0,"20":1,"21":0,"22":0,"23":0,"24":0,"25":0,"26":1,"27":1,"28":1},"f":{"0":1,"1":1,"2":1,"3":1,"4":1,"5":0},"b":{"0":[0,1],"1":[0,0]}}
,"C:\\Users\\joshe\\Desktop\\Taller Node\\latest\\nodejs-nexus\\src\\modules\\auth\\auth.service.ts": {"path":"C:\\Users\\joshe\\Desktop\\Taller Node\\latest\\nodejs-nexus\\src\\modules\\auth\\auth.service.ts","statementMap":{"0":{"start":{"line":1,"column":0},"end":{"line":1,"column":30}},"1":{"start":{"line":2,"column":0},"end":{"line":2,"column":31}},"2":{"start":{"line":8,"column":0},"end":{"line":8,"column":72}},"3":{"start":{"line":11,"column":22},"end":{"line":11,"column":46}},"4":{"start":{"line":14,"column":4},"end":{"line":14,"column":49}},"5":{"start":{"line":20,"column":29},"end":{"line":21,"column":null}},"6":{"start":{"line":24,"column":4},"end":{"line":29,"column":5}},"7":{"start":{"line":28,"column":6},"end":{"line":28,"column":59}},"8":{"start":{"line":31,"column":24},"end":{"line":31,"column":66}},"9":{"start":{"line":32,"column":25},"end":{"line":32,"column":68}},"10":{"start":{"line":34,"column":4},"end":{"line":34,"column":41}},"11":{"start":{"line":38,"column":4},"end":{"line":61,"column":5}},"12":{"start":{"line":39,"column":21},"end":{"line":39,"column":52}},"13":{"start":{"line":40,"column":22},"end":{"line":40,"column":72}},"14":{"start":{"line":42,"column":32},"end":{"line":42,"column":55}},"15":{"start":{"line":44,"column":35},"end":{"line":46,"column":8}},"16":{"start":{"line":48,"column":26},"end":{"line":51,"column":null}},"17":{"start":{"line":54,"column":6},"end":{"line":54,"column":29}},"18":{"start":{"line":56,"column":6},"end":{"line":60,"column":8}},"19":{"start":{"line":65,"column":20},"end":{"line":65,"column":66}},"20":{"start":{"line":66,"column":19},"end":{"line":66,"column":42}},"21":{"start":{"line":68,"column":33},"end":{"line":70,"column":6}},"22":{"start":{"line":72,"column":4},"end":{"line":72,"column":46}},"23":{"start":{"line":76,"column":20},"end":{"line":76,"column":35}},"24":{"start":{"line":77,"column":19},"end":{"line":77,"column":50}},"25":{"start":{"line":79,"column":33},"end":{"line":81,"column":6}},"26":{"start":{"line":83,"column":4},"end":{"line":83,"column":46}},"27":{"start":{"line":10,"column":0},"end":{"line":10,"column":13}}},"fnMap":{"0":{"name":"(anonymous_1)","decl":{"start":{"line":11,"column":2},"end":{"line":11,"column":22}},"loc":{"start":{"line":11,"column":46},"end":{"line":11,"column":50}}},"1":{"name":"(anonymous_2)","decl":{"start":{"line":13,"column":9},"end":{"line":13,"column":14}},"loc":{"start":{"line":13,"column":45},"end":{"line":15,"column":3}}},"2":{"name":"(anonymous_3)","decl":{"start":{"line":17,"column":9},"end":{"line":17,"column":14}},"loc":{"start":{"line":18,"column":23},"end":{"line":35,"column":3}}},"3":{"name":"(anonymous_4)","decl":{"start":{"line":37,"column":9},"end":{"line":37,"column":16}},"loc":{"start":{"line":37,"column":37},"end":{"line":62,"column":3}}},"4":{"name":"(anonymous_5)","decl":{"start":{"line":64,"column":10},"end":{"line":64,"column":29}},"loc":{"start":{"line":64,"column":48},"end":{"line":73,"column":3}}},"5":{"name":"(anonymous_6)","decl":{"start":{"line":75,"column":10},"end":{"line":75,"column":30}},"loc":{"start":{"line":75,"column":49},"end":{"line":84,"column":3}}}},"branchMap":{"0":{"loc":{"start":{"line":24,"column":4},"end":{"line":29,"column":5}},"type":"if","locations":[{"start":{"line":24,"column":4},"end":{"line":29,"column":5}},{"start":{},"end":{}}]},"1":{"loc":{"start":{"line":25,"column":6},"end":{"line":26,"column":80}},"type":"binary-expr","locations":[{"start":{"line":25,"column":6},"end":{"line":25,"column":23}},{"start":{"line":26,"column":6},"end":{"line":26,"column":80}}]}},"s":{"0":2,"1":2,"2":2,"3":4,"4":1,"5":1,"6":1,"7":0,"8":1,"9":1,"10":1,"11":2,"12":2,"13":2,"14":1,"15":1,"16":1,"17":1,"18":1,"19":1,"20":1,"21":1,"22":1,"23":1,"24":1,"25":1,"26":1,"27":2},"f":{"0":4,"1":1,"2":1,"3":2,"4":1,"5":1},"b":{"0":[0,1],"1":[1,1]}}
,"C:\\Users\\joshe\\Desktop\\Taller Node\\latest\\nodejs-nexus\\src\\modules\\auth\\middlewares\\authentication.middleware.ts": {"path":"C:\\Users\\joshe\\Desktop\\Taller Node\\latest\\nodejs-nexus\\src\\modules\\auth\\middlewares\\authentication.middleware.ts","statementMap":{"0":{"start":{"line":1,"column":0},"end":{"line":1,"column":31}},"1":{"start":{"line":2,"column":0},"end":{"line":2,"column":58}},"2":{"start":{"line":3,"column":0},"end":{"line":3,"column":54}},"3":{"start":{"line":14,"column":20},"end":{"line":14,"column":37}},"4":{"start":{"line":16,"column":28},"end":{"line":53,"column":1}},"5":{"start":{"line":21,"column":21},"end":{"line":21,"column":48}},"6":{"start":{"line":23,"column":2},"end":{"line":31,"column":3}},"7":{"start":{"line":24,"column":4},"end":{"line":30,"column":6}},"8":{"start":{"line":33,"column":16},"end":{"line":33,"column":49}},"9":{"start":{"line":35,"column":2},"end":{"line":52,"column":3}},"10":{"start":{"line":36,"column":20},"end":{"line":36,"column":null}},"11":{"start":{"line":40,"column":17},"end":{"line":40,"column":59}},"12":{"start":{"line":41,"column":4},"end":{"line":43,"column":5}},"13":{"start":{"line":42,"column":6},"end":{"line":42,"column":80}},"14":{"start":{"line":45,"column":4},"end":{"line":45,"column":20}},"15":{"start":{"line":46,"column":4},"end":{"line":46,"column":11}},"16":{"start":{"line":48,"column":4},"end":{"line":50,"column":5}},"17":{"start":{"line":49,"column":6},"end":{"line":49,"column":76}},"18":{"start":{"line":51,"column":4},"end":{"line":51,"column":71}},"19":{"start":{"line":16,"column":13},"end":{"line":16,"column":28}}},"fnMap":{"0":{"name":"(anonymous_1)","decl":{"start":{"line":16,"column":28},"end":{"line":16,"column":33}},"loc":{"start":{"line":20,"column":4},"end":{"line":53,"column":1}}}},"branchMap":{"0":{"loc":{"start":{"line":23,"column":2},"end":{"line":31,"column":3}},"type":"if","locations":[{"start":{"line":23,"column":2},"end":{"line":31,"column":3}},{"start":{},"end":{}}]},"1":{"loc":{"start":{"line":23,"column":6},"end":{"line":23,"column":54}},"type":"binary-expr","locations":[{"start":{"line":23,"column":6},"end":{"line":23,"column":17}},{"start":{"line":23,"column":21},"end":{"line":23,"column":54}}]},"2":{"loc":{"start":{"line":41,"column":4},"end":{"line":43,"column":5}},"type":"if","locations":[{"start":{"line":41,"column":4},"end":{"line":43,"column":5}},{"start":{},"end":{}}]},"3":{"loc":{"start":{"line":48,"column":4},"end":{"line":50,"column":5}},"type":"if","locations":[{"start":{"line":48,"column":4},"end":{"line":50,"column":5}},{"start":{},"end":{}}]}},"s":{"0":1,"1":1,"2":1,"3":1,"4":1,"5":1,"6":1,"7":0,"8":1,"9":1,"10":1,"11":1,"12":1,"13":0,"14":1,"15":1,"16":0,"17":0,"18":0,"19":1},"f":{"0":1},"b":{"0":[0,1],"1":[1,1],"2":[0,1],"3":[0,0]}}
,"C:\\Users\\joshe\\Desktop\\Taller Node\\latest\\nodejs-nexus\\src\\modules\\auth\\middlewares\\authorization.middleware.ts": {"path":"C:\\Users\\joshe\\Desktop\\Taller Node\\latest\\nodejs-nexus\\src\\modules\\auth\\middlewares\\authorization.middleware.ts","statementMap":{"0":{"start":{"line":2,"column":0},"end":{"line":2,"column":58}},"1":{"start":{"line":5,"column":25},"end":{"line":27,"column":1}},"2":{"start":{"line":6,"column":2},"end":{"line":26,"column":4}},"3":{"start":{"line":7,"column":4},"end":{"line":11,"column":5}},"4":{"start":{"line":8,"column":6},"end":{"line":10,"column":8}},"5":{"start":{"line":13,"column":22},"end":{"line":13,"column":57}},"6":{"start":{"line":15,"column":4},"end":{"line":23,"column":5}},"7":{"start":{"line":16,"column":6},"end":{"line":22,"column":8}},"8":{"start":{"line":25,"column":4},"end":{"line":25,"column":11}},"9":{"start":{"line":5,"column":13},"end":{"line":5,"column":25}},"10":{"start":{"line":29,"column":29},"end":{"line":51,"column":1}},"11":{"start":{"line":30,"column":2},"end":{"line":50,"column":4}},"12":{"start":{"line":31,"column":4},"end":{"line":35,"column":5}},"13":{"start":{"line":32,"column":6},"end":{"line":34,"column":8}},"14":{"start":{"line":37,"column":30},"end":{"line":37,"column":78}},"15":{"start":{"line":39,"column":4},"end":{"line":47,"column":5}},"16":{"start":{"line":40,"column":6},"end":{"line":46,"column":8}},"17":{"start":{"line":49,"column":4},"end":{"line":49,"column":11}},"18":{"start":{"line":29,"column":13},"end":{"line":29,"column":29}}},"fnMap":{"0":{"name":"(anonymous_0)","decl":{"start":{"line":5,"column":25},"end":{"line":5,"column":26}},"loc":{"start":{"line":5,"column":52},"end":{"line":27,"column":1}}},"1":{"name":"(anonymous_1)","decl":{"start":{"line":6,"column":9},"end":{"line":6,"column":10}},"loc":{"start":{"line":6,"column":61},"end":{"line":26,"column":3}}},"2":{"name":"(anonymous_2)","decl":{"start":{"line":29,"column":29},"end":{"line":29,"column":30}},"loc":{"start":{"line":29,"column":60},"end":{"line":51,"column":1}}},"3":{"name":"(anonymous_3)","decl":{"start":{"line":30,"column":9},"end":{"line":30,"column":14}},"loc":{"start":{"line":30,"column":67},"end":{"line":50,"column":3}}}},"branchMap":{"0":{"loc":{"start":{"line":7,"column":4},"end":{"line":11,"column":5}},"type":"if","locations":[{"start":{"line":7,"column":4},"end":{"line":11,"column":5}},{"start":{},"end":{}}]},"1":{"loc":{"start":{"line":15,"column":4},"end":{"line":23,"column":5}},"type":"if","locations":[{"start":{"line":15,"column":4},"end":{"line":23,"column":5}},{"start":{},"end":{}}]},"2":{"loc":{"start":{"line":31,"column":4},"end":{"line":35,"column":5}},"type":"if","locations":[{"start":{"line":31,"column":4},"end":{"line":35,"column":5}},{"start":{},"end":{}}]},"3":{"loc":{"start":{"line":39,"column":4},"end":{"line":47,"column":5}},"type":"if","locations":[{"start":{"line":39,"column":4},"end":{"line":47,"column":5}},{"start":{},"end":{}}]}},"s":{"0":1,"1":1,"2":3,"3":3,"4":1,"5":2,"6":2,"7":1,"8":1,"9":1,"10":1,"11":3,"12":3,"13":1,"14":2,"15":2,"16":1,"17":1,"18":1},"f":{"0":3,"1":3,"2":3,"3":3},"b":{"0":[1,2],"1":[1,1],"2":[1,2],"3":[1,1]}}
,"C:\\Users\\joshe\\Desktop\\Taller Node\\latest\\nodejs-nexus\\src\\modules\\event\\event.controller.ts": {"path":"C:\\Users\\joshe\\Desktop\\Taller Node\\latest\\nodejs-nexus\\src\\modules\\event\\event.controller.ts","statementMap":{"0":{"start":{"line":2,"column":0},"end":{"line":2,"column":47}},"1":{"start":{"line":3,"column":0},"end":{"line":3,"column":55}},"2":{"start":{"line":7,"column":21},"end":{"line":7,"column":39}},"3":{"start":{"line":11,"column":4},"end":{"line":17,"column":5}},"4":{"start":{"line":12,"column":27},"end":{"line":12,"column":55}},"5":{"start":{"line":13,"column":20},"end":{"line":13,"column":73}},"6":{"start":{"line":14,"column":6},"end":{"line":14,"column":34}},"7":{"start":{"line":16,"column":6},"end":{"line":16,"column":35}},"8":{"start":{"line":21,"column":4},"end":{"line":27,"column":5}},"9":{"start":{"line":22,"column":23},"end":{"line":22,"column":100}},"10":{"start":{"line":23,"column":21},"end":{"line":23,"column":74}},"11":{"start":{"line":24,"column":6},"end":{"line":24,"column":35}},"12":{"start":{"line":26,"column":6},"end":{"line":26,"column":35}},"13":{"start":{"line":31,"column":4},"end":{"line":36,"column":5}},"14":{"start":{"line":32,"column":20},"end":{"line":32,"column":68}},"15":{"start":{"line":33,"column":6},"end":{"line":33,"column":34}},"16":{"start":{"line":35,"column":6},"end":{"line":35,"column":35}},"17":{"start":{"line":40,"column":6},"end":{"line":45,"column":7}},"18":{"start":{"line":41,"column":25},"end":{"line":41,"column":90}},"19":{"start":{"line":42,"column":10},"end":{"line":42,"column":39}},"20":{"start":{"line":44,"column":10},"end":{"line":44,"column":39}},"21":{"start":{"line":49,"column":4},"end":{"line":69,"column":5}},"22":{"start":{"line":50,"column":22},"end":{"line":50,"column":35}},"23":{"start":{"line":51,"column":20},"end":{"line":51,"column":62}},"24":{"start":{"line":52,"column":19},"end":{"line":52,"column":43}},"25":{"start":{"line":54,"column":26},"end":{"line":54,"column":68}},"26":{"start":{"line":55,"column":26},"end":{"line":55,"column":72}},"27":{"start":{"line":57,"column":6},"end":{"line":59,"column":7}},"28":{"start":{"line":58,"column":8},"end":{"line":58,"column":95}},"29":{"start":{"line":61,"column":6},"end":{"line":63,"column":7}},"30":{"start":{"line":62,"column":10},"end":{"line":62,"column":33}},"31":{"start":{"line":65,"column":27},"end":{"line":65,"column":77}},"32":{"start":{"line":66,"column":6},"end":{"line":66,"column":41}},"33":{"start":{"line":68,"column":6},"end":{"line":68,"column":35}},"34":{"start":{"line":73,"column":4},"end":{"line":89,"column":5}},"35":{"start":{"line":74,"column":22},"end":{"line":74,"column":35}},"36":{"start":{"line":75,"column":20},"end":{"line":75,"column":62}},"37":{"start":{"line":76,"column":19},"end":{"line":76,"column":43}},"38":{"start":{"line":78,"column":26},"end":{"line":78,"column":68}},"39":{"start":{"line":79,"column":26},"end":{"line":79,"column":72}},"40":{"start":{"line":81,"column":6},"end":{"line":83,"column":7}},"41":{"start":{"line":82,"column":8},"end":{"line":82,"column":93}},"42":{"start":{"line":85,"column":6},"end":{"line":85,"column":47}},"43":{"start":{"line":86,"column":6},"end":{"line":86,"column":29}},"44":{"start":{"line":88,"column":6},"end":{"line":88,"column":35}},"45":{"start":{"line":93,"column":4},"end":{"line":98,"column":5}},"46":{"start":{"line":94,"column":6},"end":{"line":96,"column":9}},"47":{"start":{"line":97,"column":6},"end":{"line":97,"column":13}},"48":{"start":{"line":99,"column":4},"end":{"line":99,"column":25}},"49":{"start":{"line":100,"column":4},"end":{"line":102,"column":7}},"50":{"start":{"line":106,"column":13},"end":{"line":106,"column":53}}},"fnMap":{"0":{"name":"(anonymous_0)","decl":{"start":{"line":10,"column":9},"end":{"line":10,"column":14}},"loc":{"start":{"line":10,"column":49},"end":{"line":18,"column":3}}},"1":{"name":"(anonymous_1)","decl":{"start":{"line":20,"column":9},"end":{"line":20,"column":14}},"loc":{"start":{"line":20,"column":49},"end":{"line":28,"column":3}}},"2":{"name":"(anonymous_2)","decl":{"start":{"line":30,"column":9},"end":{"line":30,"column":14}},"loc":{"start":{"line":30,"column":49},"end":{"line":37,"column":3}}},"3":{"name":"(anonymous_3)","decl":{"start":{"line":39,"column":9},"end":{"line":39,"column":14}},"loc":{"start":{"line":39,"column":57},"end":{"line":46,"column":3}}},"4":{"name":"(anonymous_4)","decl":{"start":{"line":48,"column":9},"end":{"line":48,"column":14}},"loc":{"start":{"line":48,"column":49},"end":{"line":70,"column":3}}},"5":{"name":"(anonymous_5)","decl":{"start":{"line":72,"column":9},"end":{"line":72,"column":14}},"loc":{"start":{"line":72,"column":49},"end":{"line":90,"column":3}}},"6":{"name":"(anonymous_6)","decl":{"start":{"line":92,"column":10},"end":{"line":92,"column":21}},"loc":{"start":{"line":92,"column":51},"end":{"line":103,"column":3}}}},"branchMap":{"0":{"loc":{"start":{"line":22,"column":23},"end":{"line":22,"column":100}},"type":"cond-expr","locations":[{"start":{"line":22,"column":36},"end":{"line":22,"column":88}},{"start":{"line":22,"column":91},"end":{"line":22,"column":100}}]},"1":{"loc":{"start":{"line":57,"column":6},"end":{"line":59,"column":7}},"type":"if","locations":[{"start":{"line":57,"column":6},"end":{"line":59,"column":7}},{"start":{},"end":{}}]},"2":{"loc":{"start":{"line":57,"column":10},"end":{"line":57,"column":38}},"type":"binary-expr","locations":[{"start":{"line":57,"column":10},"end":{"line":57,"column":22}},{"start":{"line":57,"column":26},"end":{"line":57,"column":38}}]},"3":{"loc":{"start":{"line":61,"column":6},"end":{"line":63,"column":7}},"type":"if","locations":[{"start":{"line":61,"column":6},"end":{"line":63,"column":7}},{"start":{},"end":{}}]},"4":{"loc":{"start":{"line":61,"column":10},"end":{"line":61,"column":41}},"type":"binary-expr","locations":[{"start":{"line":61,"column":10},"end":{"line":61,"column":25}},{"start":{"line":61,"column":29},"end":{"line":61,"column":41}}]},"5":{"loc":{"start":{"line":81,"column":6},"end":{"line":83,"column":7}},"type":"if","locations":[{"start":{"line":81,"column":6},"end":{"line":83,"column":7}},{"start":{},"end":{}}]},"6":{"loc":{"start":{"line":81,"column":10},"end":{"line":81,"column":38}},"type":"binary-expr","locations":[{"start":{"line":81,"column":10},"end":{"line":81,"column":22}},{"start":{"line":81,"column":26},"end":{"line":81,"column":38}}]},"7":{"loc":{"start":{"line":93,"column":4},"end":{"line":98,"column":5}},"type":"if","locations":[{"start":{"line":93,"column":4},"end":{"line":98,"column":5}},{"start":{},"end":{}}]}},"s":{"0":10,"1":10,"2":10,"3":1,"4":1,"5":1,"6":1,"7":0,"8":2,"9":2,"10":2,"11":1,"12":1,"13":1,"14":1,"15":1,"16":0,"17":1,"18":1,"19":1,"20":0,"21":3,"22":3,"23":3,"24":3,"25":3,"26":3,"27":3,"28":1,"29":2,"30":1,"31":2,"32":2,"33":1,"34":2,"35":2,"36":2,"37":2,"38":2,"39":2,"40":2,"41":1,"42":1,"43":1,"44":1,"45":3,"46":2,"47":2,"48":1,"49":1,"50":10},"f":{"0":1,"1":2,"2":1,"3":1,"4":3,"5":2,"6":3},"b":{"0":[0,2],"1":[1,2],"2":[3,2],"3":[1,1],"4":[2,2],"5":[1,1],"6":[2,1],"7":[2,1]}}
,"C:\\Users\\joshe\\Desktop\\Taller Node\\latest\\nodejs-nexus\\src\\modules\\event\\event.routes.ts": {"path":"C:\\Users\\joshe\\Desktop\\Taller Node\\latest\\nodejs-nexus\\src\\modules\\event\\event.routes.ts","statementMap":{"0":{"start":{"line":1,"column":0},"end":{"line":1,"column":33}},"1":{"start":{"line":2,"column":0},"end":{"line":2,"column":53}},"2":{"start":{"line":3,"column":0},"end":{"line":3,"column":77}},"3":{"start":{"line":4,"column":0},"end":{"line":4,"column":77}},"4":{"start":{"line":6,"column":15},"end":{"line":6,"column":23}},"5":{"start":{"line":9,"column":0},"end":{"line":9,"column":62}},"6":{"start":{"line":10,"column":0},"end":{"line":10,"column":65}},"7":{"start":{"line":13,"column":0},"end":{"line":13,"column":106}},"8":{"start":{"line":16,"column":0},"end":{"line":21,"column":2}},"9":{"start":{"line":24,"column":0},"end":{"line":29,"column":2}},"10":{"start":{"line":32,"column":0},"end":{"line":37,"column":2}},"11":{"start":{"line":39,"column":0},"end":{"line":39,"column":22}}},"fnMap":{},"branchMap":{},"s":{"0":10,"1":10,"2":10,"3":10,"4":10,"5":10,"6":10,"7":10,"8":10,"9":10,"10":10,"11":10},"f":{},"b":{}}
,"C:\\Users\\joshe\\Desktop\\Taller Node\\latest\\nodejs-nexus\\src\\modules\\event\\event.service.ts": {"path":"C:\\Users\\joshe\\Desktop\\Taller Node\\latest\\nodejs-nexus\\src\\modules\\event\\event.service.ts","statementMap":{"0":{"start":{"line":1,"column":0},"end":{"line":1,"column":33}},"1":{"start":{"line":2,"column":0},"end":{"line":2,"column":39}},"2":{"start":{"line":6,"column":0},"end":{"line":6,"column":75}},"3":{"start":{"line":8,"column":0},"end":{"line":8,"column":55}},"4":{"start":{"line":30,"column":18},"end":{"line":34,"column":6}},"5":{"start":{"line":35,"column":4},"end":{"line":35,"column":23}},"6":{"start":{"line":36,"column":4},"end":{"line":36,"column":17}},"7":{"start":{"line":47,"column":54},"end":{"line":47,"column":61}},"8":{"start":{"line":48,"column":23},"end":{"line":48,"column":25}},"9":{"start":{"line":51,"column":4},"end":{"line":55,"column":5}},"10":{"start":{"line":52,"column":6},"end":{"line":52,"column":33}},"11":{"start":{"line":53,"column":11},"end":{"line":55,"column":5}},"12":{"start":{"line":54,"column":6},"end":{"line":54,"column":41}},"13":{"start":{"line":58,"column":4},"end":{"line":60,"column":5}},"14":{"start":{"line":59,"column":6},"end":{"line":59,"column":67}},"15":{"start":{"line":61,"column":4},"end":{"line":63,"column":5}},"16":{"start":{"line":62,"column":6},"end":{"line":62,"column":45}},"17":{"start":{"line":64,"column":4},"end":{"line":66,"column":5}},"18":{"start":{"line":65,"column":6},"end":{"line":65,"column":46}},"19":{"start":{"line":67,"column":4},"end":{"line":71,"column":5}},"20":{"start":{"line":68,"column":6},"end":{"line":68,"column":22}},"21":{"start":{"line":69,"column":6},"end":{"line":69,"column":83}},"22":{"start":{"line":69,"column":33},"end":{"line":69,"column":83}},"23":{"start":{"line":70,"column":6},"end":{"line":70,"column":79}},"24":{"start":{"line":70,"column":31},"end":{"line":70,"column":79}},"25":{"start":{"line":73,"column":4},"end":{"line":78,"column":14}},"26":{"start":{"line":88,"column":18},"end":{"line":88,"column":97}},"27":{"start":{"line":89,"column":4},"end":{"line":91,"column":5}},"28":{"start":{"line":90,"column":6},"end":{"line":90,"column":55}},"29":{"start":{"line":92,"column":4},"end":{"line":92,"column":17}},"30":{"start":{"line":101,"column":4},"end":{"line":103,"column":31}},"31":{"start":{"line":114,"column":25},"end":{"line":114,"column":90}},"32":{"start":{"line":115,"column":4},"end":{"line":117,"column":5}},"33":{"start":{"line":116,"column":6},"end":{"line":116,"column":71}},"34":{"start":{"line":118,"column":4},"end":{"line":118,"column":24}},"35":{"start":{"line":128,"column":26},"end":{"line":128,"column":95}},"36":{"start":{"line":130,"column":4},"end":{"line":132,"column":5}},"37":{"start":{"line":131,"column":6},"end":{"line":131,"column":99}},"38":{"start":{"line":134,"column":25},"end":{"line":134,"column":63}},"39":{"start":{"line":135,"column":4},"end":{"line":137,"column":5}},"40":{"start":{"line":136,"column":6},"end":{"line":136,"column":69}},"41":{"start":{"line":21,"column":0},"end":{"line":21,"column":13}}},"fnMap":{"0":{"name":"(anonymous_1)","decl":{"start":{"line":29,"column":9},"end":{"line":29,"column":14}},"loc":{"start":{"line":29,"column":73},"end":{"line":37,"column":3}}},"1":{"name":"(anonymous_2)","decl":{"start":{"line":46,"column":9},"end":{"line":46,"column":14}},"loc":{"start":{"line":46,"column":70},"end":{"line":79,"column":3}}},"2":{"name":"(anonymous_3)","decl":{"start":{"line":87,"column":9},"end":{"line":87,"column":14}},"loc":{"start":{"line":87,"column":39},"end":{"line":93,"column":3}}},"3":{"name":"(anonymous_4)","decl":{"start":{"line":100,"column":9},"end":{"line":100,"column":14}},"loc":{"start":{"line":100,"column":56},"end":{"line":104,"column":3}}},"4":{"name":"(anonymous_5)","decl":{"start":{"line":113,"column":9},"end":{"line":113,"column":14}},"loc":{"start":{"line":113,"column":65},"end":{"line":119,"column":3}}},"5":{"name":"(anonymous_6)","decl":{"start":{"line":127,"column":9},"end":{"line":127,"column":14}},"loc":{"start":{"line":127,"column":37},"end":{"line":138,"column":3}}}},"branchMap":{"0":{"loc":{"start":{"line":47,"column":12},"end":{"line":47,"column":20}},"type":"default-arg","locations":[{"start":{"line":47,"column":19},"end":{"line":47,"column":20}}]},"1":{"loc":{"start":{"line":47,"column":22},"end":{"line":47,"column":32}},"type":"default-arg","locations":[{"start":{"line":47,"column":30},"end":{"line":47,"column":32}}]},"2":{"loc":{"start":{"line":51,"column":4},"end":{"line":55,"column":5}},"type":"if","locations":[{"start":{"line":51,"column":4},"end":{"line":55,"column":5}},{"start":{"line":53,"column":11},"end":{"line":55,"column":5}}]},"3":{"loc":{"start":{"line":51,"column":8},"end":{"line":51,"column":41}},"type":"binary-expr","locations":[{"start":{"line":51,"column":8},"end":{"line":51,"column":17}},{"start":{"line":51,"column":21},"end":{"line":51,"column":41}}]},"4":{"loc":{"start":{"line":53,"column":11},"end":{"line":55,"column":5}},"type":"if","locations":[{"start":{"line":53,"column":11},"end":{"line":55,"column":5}},{"start":{},"end":{}}]},"5":{"loc":{"start":{"line":58,"column":4},"end":{"line":60,"column":5}},"type":"if","locations":[{"start":{"line":58,"column":4},"end":{"line":60,"column":5}},{"start":{},"end":{}}]},"6":{"loc":{"start":{"line":61,"column":4},"end":{"line":63,"column":5}},"type":"if","locations":[{"start":{"line":61,"column":4},"end":{"line":63,"column":5}},{"start":{},"end":{}}]},"7":{"loc":{"start":{"line":64,"column":4},"end":{"line":66,"column":5}},"type":"if","locations":[{"start":{"line":64,"column":4},"end":{"line":66,"column":5}},{"start":{},"end":{}}]},"8":{"loc":{"start":{"line":67,"column":4},"end":{"line":71,"column":5}},"type":"if","locations":[{"start":{"line":67,"column":4},"end":{"line":71,"column":5}},{"start":{},"end":{}}]},"9":{"loc":{"start":{"line":67,"column":8},"end":{"line":67,"column":52}},"type":"binary-expr","locations":[{"start":{"line":67,"column":8},"end":{"line":67,"column":29}},{"start":{"line":67,"column":33},"end":{"line":67,"column":52}}]},"10":{"loc":{"start":{"line":69,"column":6},"end":{"line":69,"column":83}},"type":"if","locations":[{"start":{"line":69,"column":6},"end":{"line":69,"column":83}},{"start":{},"end":{}}]},"11":{"loc":{"start":{"line":70,"column":6},"end":{"line":70,"column":79}},"type":"if","locations":[{"start":{"line":70,"column":6},"end":{"line":70,"column":79}},{"start":{},"end":{}}]},"12":{"loc":{"start":{"line":89,"column":4},"end":{"line":91,"column":5}},"type":"if","locations":[{"start":{"line":89,"column":4},"end":{"line":91,"column":5}},{"start":{},"end":{}}]},"13":{"loc":{"start":{"line":115,"column":4},"end":{"line":117,"column":5}},"type":"if","locations":[{"start":{"line":115,"column":4},"end":{"line":117,"column":5}},{"start":{},"end":{}}]},"14":{"loc":{"start":{"line":130,"column":4},"end":{"line":132,"column":5}},"type":"if","locations":[{"start":{"line":130,"column":4},"end":{"line":132,"column":5}},{"start":{},"end":{}}]},"15":{"loc":{"start":{"line":135,"column":4},"end":{"line":137,"column":5}},"type":"if","locations":[{"start":{"line":135,"column":4},"end":{"line":137,"column":5}},{"start":{},"end":{}}]}},"s":{"0":1,"1":1,"2":1,"3":1,"4":1,"5":1,"6":1,"7":3,"8":3,"9":3,"10":1,"11":2,"12":1,"13":3,"14":1,"15":3,"16":1,"17":3,"18":1,"19":3,"20":1,"21":1,"22":1,"23":1,"24":1,"25":3,"26":2,"27":2,"28":1,"29":1,"30":0,"31":2,"32":2,"33":1,"34":1,"35":3,"36":3,"37":1,"38":2,"39":2,"40":1,"41":1},"f":{"0":1,"1":3,"2":2,"3":0,"4":2,"5":3},"b":{"0":[2],"1":[2],"2":[1,2],"3":[3,3],"4":[1,1],"5":[1,2],"6":[1,2],"7":[1,2],"8":[1,2],"9":[3,2],"10":[1,0],"11":[1,0],"12":[1,1],"13":[1,1],"14":[1,2],"15":[1,1]}}
,"C:\\Users\\joshe\\Desktop\\Taller Node\\latest\\nodejs-nexus\\src\\modules\\purchase\\purchase.controller.ts": {"path":"C:\\Users\\joshe\\Desktop\\Taller Node\\latest\\nodejs-nexus\\src\\modules\\purchase\\purchase.controller.ts","statementMap":{"0":{"start":{"line":2,"column":0},"end":{"line":2,"column":53}},"1":{"start":{"line":3,"column":0},"end":{"line":3,"column":55}},"2":{"start":{"line":8,"column":4},"end":{"line":14,"column":5}},"3":{"start":{"line":9,"column":20},"end":{"line":9,"column":44}},"4":{"start":{"line":10,"column":21},"end":{"line":10,"column":74}},"5":{"start":{"line":11,"column":6},"end":{"line":11,"column":35}},"6":{"start":{"line":13,"column":6},"end":{"line":13,"column":35}},"7":{"start":{"line":18,"column":4},"end":{"line":23,"column":5}},"8":{"start":{"line":19,"column":6},"end":{"line":21,"column":9}},"9":{"start":{"line":22,"column":6},"end":{"line":22,"column":13}},"10":{"start":{"line":24,"column":4},"end":{"line":24,"column":25}},"11":{"start":{"line":25,"column":4},"end":{"line":27,"column":7}},"12":{"start":{"line":31,"column":13},"end":{"line":31,"column":59}}},"fnMap":{"0":{"name":"(anonymous_0)","decl":{"start":{"line":7,"column":9},"end":{"line":7,"column":14}},"loc":{"start":{"line":7,"column":49},"end":{"line":15,"column":3}}},"1":{"name":"(anonymous_1)","decl":{"start":{"line":17,"column":10},"end":{"line":17,"column":21}},"loc":{"start":{"line":17,"column":51},"end":{"line":28,"column":3}}}},"branchMap":{"0":{"loc":{"start":{"line":18,"column":4},"end":{"line":23,"column":5}},"type":"if","locations":[{"start":{"line":18,"column":4},"end":{"line":23,"column":5}},{"start":{},"end":{}}]}},"s":{"0":1,"1":1,"2":2,"3":2,"4":2,"5":1,"6":1,"7":1,"8":0,"9":0,"10":1,"11":1,"12":1},"f":{"0":2,"1":1},"b":{"0":[0,1]}}
,"C:\\Users\\joshe\\Desktop\\Taller Node\\latest\\nodejs-nexus\\src\\modules\\purchase\\purchase.routes.ts": {"path":"C:\\Users\\joshe\\Desktop\\Taller Node\\latest\\nodejs-nexus\\src\\modules\\purchase\\purchase.routes.ts","statementMap":{"0":{"start":{"line":1,"column":0},"end":{"line":1,"column":33}},"1":{"start":{"line":2,"column":0},"end":{"line":2,"column":59}},"2":{"start":{"line":3,"column":0},"end":{"line":3,"column":77}},"3":{"start":{"line":4,"column":0},"end":{"line":4,"column":77}},"4":{"start":{"line":6,"column":15},"end":{"line":6,"column":23}},"5":{"start":{"line":8,"column":0},"end":{"line":13,"column":2}},"6":{"start":{"line":15,"column":0},"end":{"line":15,"column":22}}},"fnMap":{},"branchMap":{},"s":{"0":1,"1":1,"2":1,"3":1,"4":1,"5":1,"6":1},"f":{},"b":{}}
,"C:\\Users\\joshe\\Desktop\\Taller Node\\latest\\nodejs-nexus\\src\\modules\\purchase\\purchase.service.ts": {"path":"C:\\Users\\joshe\\Desktop\\Taller Node\\latest\\nodejs-nexus\\src\\modules\\purchase\\purchase.service.ts","statementMap":{"0":{"start":{"line":2,"column":0},"end":{"line":2,"column":28}},"1":{"start":{"line":3,"column":0},"end":{"line":3,"column":45}},"2":{"start":{"line":4,"column":0},"end":{"line":4,"column":46}},"3":{"start":{"line":5,"column":0},"end":{"line":5,"column":49}},"4":{"start":{"line":6,"column":0},"end":{"line":6,"column":77}},"5":{"start":{"line":10,"column":2},"end":{"line":10,"column":61}},"6":{"start":{"line":13,"column":2},"end":{"line":13,"column":79}},"7":{"start":{"line":24,"column":48},"end":{"line":24,"column":51}},"8":{"start":{"line":26,"column":18},"end":{"line":26,"column":52}},"9":{"start":{"line":27,"column":4},"end":{"line":29,"column":5}},"10":{"start":{"line":28,"column":6},"end":{"line":28,"column":67}},"11":{"start":{"line":31,"column":4},"end":{"line":33,"column":5}},"12":{"start":{"line":32,"column":6},"end":{"line":32,"column":102}},"13":{"start":{"line":35,"column":23},"end":{"line":35,"column":88}},"14":{"start":{"line":35,"column":52},"end":{"line":35,"column":87}},"15":{"start":{"line":36,"column":4},"end":{"line":38,"column":5}},"16":{"start":{"line":37,"column":6},"end":{"line":37,"column":92}},"17":{"start":{"line":40,"column":4},"end":{"line":42,"column":5}},"18":{"start":{"line":41,"column":6},"end":{"line":41,"column":121}},"19":{"start":{"line":44,"column":4},"end":{"line":44,"column":45}},"20":{"start":{"line":45,"column":4},"end":{"line":45,"column":23}},"21":{"start":{"line":47,"column":24},"end":{"line":47,"column":51}},"22":{"start":{"line":48,"column":21},"end":{"line":59,"column":6}},"23":{"start":{"line":60,"column":4},"end":{"line":60,"column":26}},"24":{"start":{"line":62,"column":28},"end":{"line":62,"column":30}},"25":{"start":{"line":63,"column":4},"end":{"line":75,"column":5}},"26":{"start":{"line":63,"column":17},"end":{"line":63,"column":18}},"27":{"start":{"line":64,"column":6},"end":{"line":74,"column":9}},"28":{"start":{"line":77,"column":27},"end":{"line":77,"column":72}},"29":{"start":{"line":79,"column":4},"end":{"line":79,"column":49}},"30":{"start":{"line":22,"column":0},"end":{"line":22,"column":13}},"31":{"start":{"line":83,"column":13},"end":{"line":83,"column":53}}},"fnMap":{"0":{"name":"genCode","decl":{"start":{"line":9,"column":9},"end":{"line":9,"column":16}},"loc":{"start":{"line":9,"column":16},"end":{"line":11,"column":1}}},"1":{"name":"genQrHash","decl":{"start":{"line":12,"column":9},"end":{"line":12,"column":18}},"loc":{"start":{"line":12,"column":18},"end":{"line":14,"column":1}}},"2":{"name":"(anonymous_3)","decl":{"start":{"line":23,"column":9},"end":{"line":23,"column":14}},"loc":{"start":{"line":23,"column":73},"end":{"line":80,"column":3}}},"3":{"name":"(anonymous_4)","decl":{"start":{"line":35,"column":46},"end":{"line":35,"column":48}},"loc":{"start":{"line":35,"column":52},"end":{"line":35,"column":87}}}},"branchMap":{"0":{"loc":{"start":{"line":27,"column":4},"end":{"line":29,"column":5}},"type":"if","locations":[{"start":{"line":27,"column":4},"end":{"line":29,"column":5}},{"start":{},"end":{}}]},"1":{"loc":{"start":{"line":31,"column":4},"end":{"line":33,"column":5}},"type":"if","locations":[{"start":{"line":31,"column":4},"end":{"line":33,"column":5}},{"start":{},"end":{}}]},"2":{"loc":{"start":{"line":36,"column":4},"end":{"line":38,"column":5}},"type":"if","locations":[{"start":{"line":36,"column":4},"end":{"line":38,"column":5}},{"start":{},"end":{}}]},"3":{"loc":{"start":{"line":40,"column":4},"end":{"line":42,"column":5}},"type":"if","locations":[{"start":{"line":40,"column":4},"end":{"line":42,"column":5}},{"start":{},"end":{}}]}},"s":{"0":1,"1":1,"2":1,"3":1,"4":1,"5":2,"6":2,"7":5,"8":5,"9":5,"10":1,"11":4,"12":1,"13":3,"14":2,"15":3,"16":1,"17":2,"18":1,"19":1,"20":1,"21":1,"22":1,"23":1,"24":1,"25":1,"26":1,"27":2,"28":1,"29":1,"30":1,"31":1},"f":{"0":2,"1":2,"2":5,"3":2},"b":{"0":[1,4],"1":[1,3],"2":[1,2],"3":[1,1]}}
,"C:\\Users\\joshe\\Desktop\\Taller Node\\latest\\nodejs-nexus\\src\\modules\\ticket\\ticket.controller.ts": {"path":"C:\\Users\\joshe\\Desktop\\Taller Node\\latest\\nodejs-nexus\\src\\modules\\ticket\\ticket.controller.ts","statementMap":{"0":{"start":{"line":2,"column":0},"end":{"line":2,"column":42}},"1":{"start":{"line":3,"column":0},"end":{"line":3,"column":39}},"2":{"start":{"line":4,"column":0},"end":{"line":4,"column":77}},"3":{"start":{"line":7,"column":4},"end":{"line":7,"column":65}},"4":{"start":{"line":10,"column":4},"end":{"line":10,"column":36}},"5":{"start":{"line":10,"column":22},"end":{"line":10,"column":36}},"6":{"start":{"line":11,"column":4},"end":{"line":11,"column":38}},"7":{"start":{"line":11,"column":23},"end":{"line":11,"column":38}},"8":{"start":{"line":12,"column":4},"end":{"line":12,"column":21}},"9":{"start":{"line":15,"column":15},"end":{"line":15,"column":54}},"10":{"start":{"line":16,"column":4},"end":{"line":18,"column":5}},"11":{"start":{"line":17,"column":8},"end":{"line":17,"column":66}},"12":{"start":{"line":19,"column":4},"end":{"line":19,"column":13}},"13":{"start":{"line":25,"column":8},"end":{"line":32,"column":9}},"14":{"start":{"line":26,"column":12},"end":{"line":26,"column":44}},"15":{"start":{"line":27,"column":24},"end":{"line":27,"column":57}},"16":{"start":{"line":28,"column":12},"end":{"line":28,"column":38}},"17":{"start":{"line":30,"column":22},"end":{"line":30,"column":123}},"18":{"start":{"line":31,"column":12},"end":{"line":31,"column":66}},"19":{"start":{"line":37,"column":8},"end":{"line":64,"column":9}},"20":{"start":{"line":38,"column":25},"end":{"line":38,"column":52}},"21":{"start":{"line":39,"column":26},"end":{"line":39,"column":55}},"22":{"start":{"line":48,"column":16},"end":{"line":48,"column":31}},"23":{"start":{"line":50,"column":28},"end":{"line":50,"column":51}},"24":{"start":{"line":51,"column":12},"end":{"line":51,"column":48}},"25":{"start":{"line":51,"column":25},"end":{"line":51,"column":48}},"26":{"start":{"line":53,"column":27},"end":{"line":53,"column":49}},"27":{"start":{"line":54,"column":12},"end":{"line":54,"column":45}},"28":{"start":{"line":54,"column":24},"end":{"line":54,"column":45}},"29":{"start":{"line":56,"column":32},"end":{"line":56,"column":63}},"30":{"start":{"line":57,"column":12},"end":{"line":57,"column":60}},"31":{"start":{"line":57,"column":29},"end":{"line":57,"column":60}},"32":{"start":{"line":59,"column":25},"end":{"line":59,"column":49}},"33":{"start":{"line":60,"column":12},"end":{"line":60,"column":27}},"34":{"start":{"line":62,"column":22},"end":{"line":62,"column":109}},"35":{"start":{"line":63,"column":12},"end":{"line":63,"column":66}},"36":{"start":{"line":69,"column":8},"end":{"line":76,"column":9}},"37":{"start":{"line":70,"column":23},"end":{"line":70,"column":50}},"38":{"start":{"line":71,"column":24},"end":{"line":71,"column":49}},"39":{"start":{"line":72,"column":12},"end":{"line":72,"column":26}},"40":{"start":{"line":74,"column":22},"end":{"line":74,"column":107}},"41":{"start":{"line":75,"column":12},"end":{"line":75,"column":66}},"42":{"start":{"line":81,"column":8},"end":{"line":89,"column":9}},"43":{"start":{"line":82,"column":23},"end":{"line":82,"column":50}},"44":{"start":{"line":83,"column":26},"end":{"line":83,"column":59}},"45":{"start":{"line":84,"column":24},"end":{"line":84,"column":55}},"46":{"start":{"line":85,"column":12},"end":{"line":85,"column":26}},"47":{"start":{"line":87,"column":22},"end":{"line":87,"column":128}},"48":{"start":{"line":88,"column":12},"end":{"line":88,"column":66}},"49":{"start":{"line":94,"column":8},"end":{"line":101,"column":9}},"50":{"start":{"line":95,"column":23},"end":{"line":95,"column":50}},"51":{"start":{"line":96,"column":23},"end":{"line":96,"column":47}},"52":{"start":{"line":97,"column":12},"end":{"line":97,"column":25}},"53":{"start":{"line":99,"column":22},"end":{"line":99,"column":110}},"54":{"start":{"line":100,"column":12},"end":{"line":100,"column":66}},"55":{"start":{"line":106,"column":8},"end":{"line":113,"column":9}},"56":{"start":{"line":107,"column":31},"end":{"line":107,"column":66}},"57":{"start":{"line":108,"column":27},"end":{"line":108,"column":67}},"58":{"start":{"line":109,"column":12},"end":{"line":109,"column":43}},"59":{"start":{"line":111,"column":22},"end":{"line":111,"column":107}},"60":{"start":{"line":112,"column":12},"end":{"line":112,"column":66}},"61":{"start":{"line":117,"column":8},"end":{"line":124,"column":9}},"62":{"start":{"line":118,"column":31},"end":{"line":118,"column":66}},"63":{"start":{"line":119,"column":27},"end":{"line":119,"column":62}},"64":{"start":{"line":120,"column":12},"end":{"line":120,"column":43}},"65":{"start":{"line":122,"column":22},"end":{"line":122,"column":116}},"66":{"start":{"line":123,"column":12},"end":{"line":123,"column":66}},"67":{"start":{"line":22,"column":0},"end":{"line":22,"column":13}},"68":{"start":{"line":128,"column":0},"end":{"line":128,"column":38}}},"fnMap":{"0":{"name":"qstr","decl":{"start":{"line":6,"column":9},"end":{"line":6,"column":13}},"loc":{"start":{"line":6,"column":24},"end":{"line":8,"column":1}}},"1":{"name":"qboolStr","decl":{"start":{"line":9,"column":9},"end":{"line":9,"column":17}},"loc":{"start":{"line":9,"column":28},"end":{"line":13,"column":1}}},"2":{"name":"mustParam","decl":{"start":{"line":14,"column":9},"end":{"line":14,"column":18}},"loc":{"start":{"line":14,"column":57},"end":{"line":20,"column":1}}},"3":{"name":"(anonymous_4)","decl":{"start":{"line":24,"column":4},"end":{"line":24,"column":9}},"loc":{"start":{"line":24,"column":44},"end":{"line":33,"column":5}}},"4":{"name":"(anonymous_5)","decl":{"start":{"line":36,"column":4},"end":{"line":36,"column":9}},"loc":{"start":{"line":36,"column":42},"end":{"line":65,"column":5}}},"5":{"name":"(anonymous_6)","decl":{"start":{"line":68,"column":4},"end":{"line":68,"column":9}},"loc":{"start":{"line":68,"column":45},"end":{"line":77,"column":5}}},"6":{"name":"(anonymous_7)","decl":{"start":{"line":80,"column":4},"end":{"line":80,"column":9}},"loc":{"start":{"line":80,"column":44},"end":{"line":90,"column":5}}},"7":{"name":"(anonymous_8)","decl":{"start":{"line":93,"column":4},"end":{"line":93,"column":9}},"loc":{"start":{"line":93,"column":44},"end":{"line":102,"column":5}}},"8":{"name":"(anonymous_9)","decl":{"start":{"line":105,"column":4},"end":{"line":105,"column":9}},"loc":{"start":{"line":105,"column":52},"end":{"line":114,"column":5}}},"9":{"name":"(anonymous_10)","decl":{"start":{"line":116,"column":4},"end":{"line":116,"column":9}},"loc":{"start":{"line":116,"column":47},"end":{"line":125,"column":5}}}},"branchMap":{"0":{"loc":{"start":{"line":7,"column":11},"end":{"line":7,"column":64}},"type":"cond-expr","locations":[{"start":{"line":7,"column":51},"end":{"line":7,"column":52}},{"start":{"line":7,"column":55},"end":{"line":7,"column":64}}]},"1":{"loc":{"start":{"line":7,"column":11},"end":{"line":7,"column":48}},"type":"binary-expr","locations":[{"start":{"line":7,"column":11},"end":{"line":7,"column":32}},{"start":{"line":7,"column":36},"end":{"line":7,"column":48}}]},"2":{"loc":{"start":{"line":10,"column":4},"end":{"line":10,"column":36}},"type":"if","locations":[{"start":{"line":10,"column":4},"end":{"line":10,"column":36}},{"start":{},"end":{}}]},"3":{"loc":{"start":{"line":11,"column":4},"end":{"line":11,"column":38}},"type":"if","locations":[{"start":{"line":11,"column":4},"end":{"line":11,"column":38}},{"start":{},"end":{}}]},"4":{"loc":{"start":{"line":16,"column":4},"end":{"line":18,"column":5}},"type":"if","locations":[{"start":{"line":16,"column":4},"end":{"line":18,"column":5}},{"start":{},"end":{}}]},"5":{"loc":{"start":{"line":16,"column":8},"end":{"line":16,"column":47}},"type":"binary-expr","locations":[{"start":{"line":16,"column":8},"end":{"line":16,"column":29}},{"start":{"line":16,"column":33},"end":{"line":16,"column":47}}]},"6":{"loc":{"start":{"line":30,"column":22},"end":{"line":30,"column":123}},"type":"cond-expr","locations":[{"start":{"line":30,"column":57},"end":{"line":30,"column":60}},{"start":{"line":30,"column":63},"end":{"line":30,"column":123}}]},"7":{"loc":{"start":{"line":30,"column":84},"end":{"line":30,"column":122}},"type":"binary-expr","locations":[{"start":{"line":30,"column":84},"end":{"line":30,"column":96}},{"start":{"line":30,"column":100},"end":{"line":30,"column":122}}]},"8":{"loc":{"start":{"line":38,"column":32},"end":{"line":38,"column":51}},"type":"binary-expr","locations":[{"start":{"line":38,"column":32},"end":{"line":38,"column":46}},{"start":{"line":38,"column":50},"end":{"line":38,"column":51}}]},"9":{"loc":{"start":{"line":39,"column":33},"end":{"line":39,"column":54}},"type":"binary-expr","locations":[{"start":{"line":39,"column":33},"end":{"line":39,"column":48}},{"start":{"line":39,"column":52},"end":{"line":39,"column":54}}]},"10":{"loc":{"start":{"line":51,"column":12},"end":{"line":51,"column":48}},"type":"if","locations":[{"start":{"line":51,"column":12},"end":{"line":51,"column":48}},{"start":{},"end":{}}]},"11":{"loc":{"start":{"line":54,"column":12},"end":{"line":54,"column":45}},"type":"if","locations":[{"start":{"line":54,"column":12},"end":{"line":54,"column":45}},{"start":{},"end":{}}]},"12":{"loc":{"start":{"line":57,"column":12},"end":{"line":57,"column":60}},"type":"if","locations":[{"start":{"line":57,"column":12},"end":{"line":57,"column":60}},{"start":{},"end":{}}]},"13":{"loc":{"start":{"line":62,"column":22},"end":{"line":62,"column":109}},"type":"cond-expr","locations":[{"start":{"line":62,"column":57},"end":{"line":62,"column":60}},{"start":{"line":62,"column":63},"end":{"line":62,"column":109}}]},"14":{"loc":{"start":{"line":74,"column":22},"end":{"line":74,"column":107}},"type":"cond-expr","locations":[{"start":{"line":74,"column":57},"end":{"line":74,"column":60}},{"start":{"line":74,"column":63},"end":{"line":74,"column":107}}]},"15":{"loc":{"start":{"line":87,"column":22},"end":{"line":87,"column":128}},"type":"cond-expr","locations":[{"start":{"line":87,"column":57},"end":{"line":87,"column":60}},{"start":{"line":87,"column":63},"end":{"line":87,"column":128}}]},"16":{"loc":{"start":{"line":87,"column":84},"end":{"line":87,"column":127}},"type":"binary-expr","locations":[{"start":{"line":87,"column":84},"end":{"line":87,"column":96}},{"start":{"line":87,"column":100},"end":{"line":87,"column":127}}]},"17":{"loc":{"start":{"line":99,"column":22},"end":{"line":99,"column":110}},"type":"cond-expr","locations":[{"start":{"line":99,"column":57},"end":{"line":99,"column":60}},{"start":{"line":99,"column":63},"end":{"line":99,"column":110}}]},"18":{"loc":{"start":{"line":111,"column":22},"end":{"line":111,"column":107}},"type":"cond-expr","locations":[{"start":{"line":111,"column":57},"end":{"line":111,"column":60}},{"start":{"line":111,"column":63},"end":{"line":111,"column":107}}]},"19":{"loc":{"start":{"line":122,"column":22},"end":{"line":122,"column":116}},"type":"cond-expr","locations":[{"start":{"line":122,"column":57},"end":{"line":122,"column":60}},{"start":{"line":122,"column":63},"end":{"line":122,"column":116}}]}},"s":{"0":1,"1":1,"2":1,"3":6,"4":3,"5":1,"6":2,"7":0,"8":2,"9":7,"10":7,"11":0,"12":7,"13":3,"14":3,"15":2,"16":2,"17":1,"18":1,"19":3,"20":3,"21":3,"22":3,"23":3,"24":3,"25":2,"26":3,"27":3,"28":1,"29":3,"30":3,"31":1,"32":3,"33":2,"34":1,"35":1,"36":2,"37":2,"38":2,"39":0,"40":2,"41":2,"42":0,"43":0,"44":0,"45":0,"46":0,"47":0,"48":0,"49":1,"50":1,"51":1,"52":1,"53":0,"54":0,"55":2,"56":2,"57":2,"58":1,"59":1,"60":1,"61":2,"62":2,"63":2,"64":1,"65":1,"66":1,"67":1,"68":1},"f":{"0":6,"1":3,"2":7,"3":3,"4":3,"5":2,"6":0,"7":1,"8":2,"9":2},"b":{"0":[3,3],"1":[6,3],"2":[1,2],"3":[0,2],"4":[0,7],"5":[7,7],"6":[0,1],"7":[1,0],"8":[3,2],"9":[3,1],"10":[2,1],"11":[1,2],"12":[1,2],"13":[0,1],"14":[1,1],"15":[0,0],"16":[0,0],"17":[0,0],"18":[0,1],"19":[0,1]}}
,"C:\\Users\\joshe\\Desktop\\Taller Node\\latest\\nodejs-nexus\\src\\modules\\ticket\\ticket.routes.ts": {"path":"C:\\Users\\joshe\\Desktop\\Taller Node\\latest\\nodejs-nexus\\src\\modules\\ticket\\ticket.routes.ts","statementMap":{"0":{"start":{"line":1,"column":0},"end":{"line":1,"column":33}},"1":{"start":{"line":2,"column":0},"end":{"line":2,"column":45}},"2":{"start":{"line":4,"column":15},"end":{"line":4,"column":23}},"3":{"start":{"line":5,"column":13},"end":{"line":5,"column":23}},"4":{"start":{"line":8,"column":0},"end":{"line":8,"column":42}},"5":{"start":{"line":9,"column":0},"end":{"line":9,"column":39}},"6":{"start":{"line":10,"column":0},"end":{"line":10,"column":46}},"7":{"start":{"line":11,"column":0},"end":{"line":11,"column":45}},"8":{"start":{"line":12,"column":0},"end":{"line":12,"column":48}},"9":{"start":{"line":15,"column":0},"end":{"line":15,"column":70}},"10":{"start":{"line":16,"column":0},"end":{"line":16,"column":61}},"11":{"start":{"line":18,"column":0},"end":{"line":18,"column":22}}},"fnMap":{},"branchMap":{},"s":{"0":1,"1":1,"2":1,"3":1,"4":1,"5":1,"6":1,"7":1,"8":1,"9":1,"10":1,"11":1},"f":{},"b":{}}
,"C:\\Users\\joshe\\Desktop\\Taller Node\\latest\\nodejs-nexus\\src\\modules\\ticket\\ticket.service.ts": {"path":"C:\\Users\\joshe\\Desktop\\Taller Node\\latest\\nodejs-nexus\\src\\modules\\ticket\\ticket.service.ts","statementMap":{"0":{"start":{"line":1,"column":0},"end":{"line":1,"column":28}},"1":{"start":{"line":2,"column":0},"end":{"line":2,"column":32}},"2":{"start":{"line":3,"column":0},"end":{"line":3,"column":42}},"3":{"start":{"line":4,"column":0},"end":{"line":4,"column":66}},"4":{"start":{"line":7,"column":2},"end":{"line":7,"column":47}},"5":{"start":{"line":10,"column":2},"end":{"line":10,"column":79}},"6":{"start":{"line":31,"column":16},"end":{"line":40,"column":6}},"7":{"start":{"line":41,"column":4},"end":{"line":41,"column":44}},"8":{"start":{"line":45,"column":17},"end":{"line":45,"column":52}},"9":{"start":{"line":46,"column":18},"end":{"line":46,"column":70}},"10":{"start":{"line":47,"column":24},"end":{"line":47,"column":26}},"11":{"start":{"line":48,"column":4},"end":{"line":51,"column":5}},"12":{"start":{"line":49,"column":6},"end":{"line":49,"column":98}},"13":{"start":{"line":49,"column":51},"end":{"line":49,"column":98}},"14":{"start":{"line":50,"column":6},"end":{"line":50,"column":65}},"15":{"start":{"line":52,"column":4},"end":{"line":55,"column":5}},"16":{"start":{"line":53,"column":6},"end":{"line":53,"column":96}},"17":{"start":{"line":53,"column":50},"end":{"line":53,"column":96}},"18":{"start":{"line":54,"column":6},"end":{"line":54,"column":63}},"19":{"start":{"line":56,"column":4},"end":{"line":56,"column":63}},"20":{"start":{"line":56,"column":37},"end":{"line":56,"column":63}},"21":{"start":{"line":57,"column":4},"end":{"line":57,"column":65}},"22":{"start":{"line":57,"column":38},"end":{"line":57,"column":65}},"23":{"start":{"line":59,"column":27},"end":{"line":62,"column":6}},"24":{"start":{"line":63,"column":4},"end":{"line":63,"column":41}},"25":{"start":{"line":67,"column":4},"end":{"line":67,"column":81}},"26":{"start":{"line":67,"column":39},"end":{"line":67,"column":81}},"27":{"start":{"line":68,"column":16},"end":{"line":68,"column":53}},"28":{"start":{"line":69,"column":4},"end":{"line":69,"column":65}},"29":{"start":{"line":69,"column":14},"end":{"line":69,"column":65}},"30":{"start":{"line":70,"column":4},"end":{"line":70,"column":33}},"31":{"start":{"line":80,"column":4},"end":{"line":80,"column":81}},"32":{"start":{"line":80,"column":39},"end":{"line":80,"column":81}},"33":{"start":{"line":82,"column":22},"end":{"line":82,"column":24}},"34":{"start":{"line":83,"column":4},"end":{"line":86,"column":5}},"35":{"start":{"line":84,"column":6},"end":{"line":84,"column":97}},"36":{"start":{"line":84,"column":51},"end":{"line":84,"column":97}},"37":{"start":{"line":85,"column":6},"end":{"line":85,"column":62}},"38":{"start":{"line":87,"column":4},"end":{"line":87,"column":91}},"39":{"start":{"line":87,"column":38},"end":{"line":87,"column":91}},"40":{"start":{"line":88,"column":4},"end":{"line":92,"column":5}},"41":{"start":{"line":89,"column":16},"end":{"line":89,"column":35}},"42":{"start":{"line":90,"column":6},"end":{"line":90,"column":85}},"43":{"start":{"line":90,"column":40},"end":{"line":90,"column":85}},"44":{"start":{"line":91,"column":6},"end":{"line":91,"column":21}},"45":{"start":{"line":93,"column":4},"end":{"line":93,"column":80}},"46":{"start":{"line":93,"column":41},"end":{"line":93,"column":80}},"47":{"start":{"line":95,"column":4},"end":{"line":101,"column":5}},"48":{"start":{"line":96,"column":6},"end":{"line":100,"column":7}},"49":{"start":{"line":96,"column":33},"end":{"line":96,"column":57}},"50":{"start":{"line":98,"column":8},"end":{"line":98,"column":99}},"51":{"start":{"line":98,"column":53},"end":{"line":98,"column":99}},"52":{"start":{"line":99,"column":8},"end":{"line":99,"column":64}},"53":{"start":{"line":103,"column":20},"end":{"line":107,"column":12}},"54":{"start":{"line":109,"column":4},"end":{"line":109,"column":69}},"55":{"start":{"line":109,"column":18},"end":{"line":109,"column":69}},"56":{"start":{"line":110,"column":4},"end":{"line":110,"column":37}},"57":{"start":{"line":114,"column":4},"end":{"line":114,"column":81}},"58":{"start":{"line":114,"column":39},"end":{"line":114,"column":81}},"59":{"start":{"line":115,"column":16},"end":{"line":115,"column":62}},"60":{"start":{"line":116,"column":4},"end":{"line":116,"column":65}},"61":{"start":{"line":116,"column":14},"end":{"line":116,"column":65}},"62":{"start":{"line":117,"column":4},"end":{"line":117,"column":24}},"63":{"start":{"line":121,"column":16},"end":{"line":121,"column":64}},"64":{"start":{"line":122,"column":4},"end":{"line":122,"column":65}},"65":{"start":{"line":122,"column":14},"end":{"line":122,"column":65}},"66":{"start":{"line":123,"column":4},"end":{"line":123,"column":33}},"67":{"start":{"line":127,"column":20},"end":{"line":131,"column":12}},"68":{"start":{"line":132,"column":4},"end":{"line":132,"column":78}},"69":{"start":{"line":132,"column":18},"end":{"line":132,"column":78}},"70":{"start":{"line":133,"column":4},"end":{"line":133,"column":37}},"71":{"start":{"line":21,"column":0},"end":{"line":21,"column":13}},"72":{"start":{"line":137,"column":0},"end":{"line":137,"column":35}}},"fnMap":{"0":{"name":"genCode","decl":{"start":{"line":6,"column":9},"end":{"line":6,"column":16}},"loc":{"start":{"line":6,"column":16},"end":{"line":8,"column":1}}},"1":{"name":"genQrHash","decl":{"start":{"line":9,"column":9},"end":{"line":9,"column":18}},"loc":{"start":{"line":9,"column":18},"end":{"line":11,"column":1}}},"2":{"name":"(anonymous_3)","decl":{"start":{"line":22,"column":2},"end":{"line":22,"column":7}},"loc":{"start":{"line":30,"column":3},"end":{"line":42,"column":3}}},"3":{"name":"(anonymous_4)","decl":{"start":{"line":44,"column":2},"end":{"line":44,"column":7}},"loc":{"start":{"line":44,"column":27},"end":{"line":64,"column":3}}},"4":{"name":"(anonymous_5)","decl":{"start":{"line":66,"column":2},"end":{"line":66,"column":7}},"loc":{"start":{"line":66,"column":26},"end":{"line":71,"column":3}}},"5":{"name":"(anonymous_6)","decl":{"start":{"line":73,"column":2},"end":{"line":73,"column":7}},"loc":{"start":{"line":79,"column":3},"end":{"line":111,"column":3}}},"6":{"name":"(anonymous_7)","decl":{"start":{"line":113,"column":2},"end":{"line":113,"column":7}},"loc":{"start":{"line":113,"column":25},"end":{"line":118,"column":3}}},"7":{"name":"(anonymous_8)","decl":{"start":{"line":120,"column":2},"end":{"line":120,"column":7}},"loc":{"start":{"line":120,"column":41},"end":{"line":124,"column":3}}},"8":{"name":"(anonymous_9)","decl":{"start":{"line":126,"column":2},"end":{"line":126,"column":7}},"loc":{"start":{"line":126,"column":36},"end":{"line":134,"column":3}}}},"branchMap":{"0":{"loc":{"start":{"line":32,"column":18},"end":{"line":32,"column":49}},"type":"binary-expr","locations":[{"start":{"line":32,"column":18},"end":{"line":32,"column":36}},{"start":{"line":32,"column":40},"end":{"line":32,"column":49}}]},"1":{"loc":{"start":{"line":33,"column":18},"end":{"line":33,"column":51}},"type":"binary-expr","locations":[{"start":{"line":33,"column":18},"end":{"line":33,"column":36}},{"start":{"line":33,"column":40},"end":{"line":33,"column":51}}]},"2":{"loc":{"start":{"line":39,"column":14},"end":{"line":39,"column":86}},"type":"cond-expr","locations":[{"start":{"line":39,"column":31},"end":{"line":39,"column":74}},{"start":{"line":39,"column":77},"end":{"line":39,"column":86}}]},"3":{"loc":{"start":{"line":45,"column":36},"end":{"line":45,"column":50}},"type":"binary-expr","locations":[{"start":{"line":45,"column":36},"end":{"line":45,"column":45}},{"start":{"line":45,"column":49},"end":{"line":45,"column":50}}]},"4":{"loc":{"start":{"line":46,"column":51},"end":{"line":46,"column":67}},"type":"binary-expr","locations":[{"start":{"line":46,"column":51},"end":{"line":46,"column":61}},{"start":{"line":46,"column":65},"end":{"line":46,"column":67}}]},"5":{"loc":{"start":{"line":48,"column":4},"end":{"line":51,"column":5}},"type":"if","locations":[{"start":{"line":48,"column":4},"end":{"line":51,"column":5}},{"start":{},"end":{}}]},"6":{"loc":{"start":{"line":49,"column":6},"end":{"line":49,"column":98}},"type":"if","locations":[{"start":{"line":49,"column":6},"end":{"line":49,"column":98}},{"start":{},"end":{}}]},"7":{"loc":{"start":{"line":52,"column":4},"end":{"line":55,"column":5}},"type":"if","locations":[{"start":{"line":52,"column":4},"end":{"line":55,"column":5}},{"start":{},"end":{}}]},"8":{"loc":{"start":{"line":53,"column":6},"end":{"line":53,"column":96}},"type":"if","locations":[{"start":{"line":53,"column":6},"end":{"line":53,"column":96}},{"start":{},"end":{}}]},"9":{"loc":{"start":{"line":56,"column":4},"end":{"line":56,"column":63}},"type":"if","locations":[{"start":{"line":56,"column":4},"end":{"line":56,"column":63}},{"start":{},"end":{}}]},"10":{"loc":{"start":{"line":57,"column":4},"end":{"line":57,"column":65}},"type":"if","locations":[{"start":{"line":57,"column":4},"end":{"line":57,"column":65}},{"start":{},"end":{}}]},"11":{"loc":{"start":{"line":67,"column":4},"end":{"line":67,"column":81}},"type":"if","locations":[{"start":{"line":67,"column":4},"end":{"line":67,"column":81}},{"start":{},"end":{}}]},"12":{"loc":{"start":{"line":69,"column":4},"end":{"line":69,"column":65}},"type":"if","locations":[{"start":{"line":69,"column":4},"end":{"line":69,"column":65}},{"start":{},"end":{}}]},"13":{"loc":{"start":{"line":80,"column":4},"end":{"line":80,"column":81}},"type":"if","locations":[{"start":{"line":80,"column":4},"end":{"line":80,"column":81}},{"start":{},"end":{}}]},"14":{"loc":{"start":{"line":83,"column":4},"end":{"line":86,"column":5}},"type":"if","locations":[{"start":{"line":83,"column":4},"end":{"line":86,"column":5}},{"start":{},"end":{}}]},"15":{"loc":{"start":{"line":84,"column":6},"end":{"line":84,"column":97}},"type":"if","locations":[{"start":{"line":84,"column":6},"end":{"line":84,"column":97}},{"start":{},"end":{}}]},"16":{"loc":{"start":{"line":87,"column":4},"end":{"line":87,"column":91}},"type":"if","locations":[{"start":{"line":87,"column":4},"end":{"line":87,"column":91}},{"start":{},"end":{}}]},"17":{"loc":{"start":{"line":88,"column":4},"end":{"line":92,"column":5}},"type":"if","locations":[{"start":{"line":88,"column":4},"end":{"line":92,"column":5}},{"start":{},"end":{}}]},"18":{"loc":{"start":{"line":90,"column":6},"end":{"line":90,"column":85}},"type":"if","locations":[{"start":{"line":90,"column":6},"end":{"line":90,"column":85}},{"start":{},"end":{}}]},"19":{"loc":{"start":{"line":90,"column":10},"end":{"line":90,"column":38}},"type":"binary-expr","locations":[{"start":{"line":90,"column":10},"end":{"line":90,"column":29}},{"start":{"line":90,"column":33},"end":{"line":90,"column":38}}]},"20":{"loc":{"start":{"line":93,"column":4},"end":{"line":93,"column":80}},"type":"if","locations":[{"start":{"line":93,"column":4},"end":{"line":93,"column":80}},{"start":{},"end":{}}]},"21":{"loc":{"start":{"line":95,"column":4},"end":{"line":101,"column":5}},"type":"if","locations":[{"start":{"line":95,"column":4},"end":{"line":101,"column":5}},{"start":{},"end":{}}]},"22":{"loc":{"start":{"line":96,"column":6},"end":{"line":100,"column":7}},"type":"if","locations":[{"start":{"line":96,"column":6},"end":{"line":100,"column":7}},{"start":{"line":97,"column":11},"end":{"line":100,"column":7}}]},"23":{"loc":{"start":{"line":98,"column":8},"end":{"line":98,"column":99}},"type":"if","locations":[{"start":{"line":98,"column":8},"end":{"line":98,"column":99}},{"start":{},"end":{}}]},"24":{"loc":{"start":{"line":109,"column":4},"end":{"line":109,"column":69}},"type":"if","locations":[{"start":{"line":109,"column":4},"end":{"line":109,"column":69}},{"start":{},"end":{}}]},"25":{"loc":{"start":{"line":114,"column":4},"end":{"line":114,"column":81}},"type":"if","locations":[{"start":{"line":114,"column":4},"end":{"line":114,"column":81}},{"start":{},"end":{}}]},"26":{"loc":{"start":{"line":116,"column":4},"end":{"line":116,"column":65}},"type":"if","locations":[{"start":{"line":116,"column":4},"end":{"line":116,"column":65}},{"start":{},"end":{}}]},"27":{"loc":{"start":{"line":122,"column":4},"end":{"line":122,"column":65}},"type":"if","locations":[{"start":{"line":122,"column":4},"end":{"line":122,"column":65}},{"start":{},"end":{}}]},"28":{"loc":{"start":{"line":132,"column":4},"end":{"line":132,"column":78}},"type":"if","locations":[{"start":{"line":132,"column":4},"end":{"line":132,"column":78}},{"start":{},"end":{}}]}},"s":{"0":1,"1":1,"2":1,"3":1,"4":1,"5":1,"6":2,"7":2,"8":5,"9":5,"10":5,"11":5,"12":1,"13":1,"14":0,"15":4,"16":1,"17":1,"18":0,"19":3,"20":1,"21":3,"22":1,"23":3,"24":3,"25":2,"26":1,"27":1,"28":1,"29":0,"30":1,"31":6,"32":0,"33":6,"34":6,"35":1,"36":1,"37":0,"38":5,"39":2,"40":5,"41":1,"42":1,"43":1,"44":0,"45":4,"46":0,"47":4,"48":2,"49":1,"50":1,"51":1,"52":0,"53":3,"54":3,"55":1,"56":2,"57":2,"58":0,"59":2,"60":2,"61":1,"62":1,"63":1,"64":1,"65":1,"66":0,"67":2,"68":2,"69":1,"70":1,"71":1,"72":1},"f":{"0":1,"1":1,"2":2,"3":5,"4":2,"5":6,"6":2,"7":1,"8":2},"b":{"0":[2,1],"1":[2,1],"2":[1,1],"3":[5,4],"4":[5,4],"5":[1,4],"6":[1,0],"7":[1,3],"8":[1,0],"9":[1,2],"10":[1,2],"11":[1,1],"12":[0,1],"13":[0,6],"14":[1,5],"15":[1,0],"16":[2,3],"17":[1,4],"18":[1,0],"19":[1,1],"20":[0,4],"21":[2,2],"22":[1,1],"23":[1,0],"24":[1,2],"25":[0,2],"26":[1,1],"27":[1,0],"28":[1,1]}}
,"C:\\Users\\joshe\\Desktop\\Taller Node\\latest\\nodejs-nexus\\src\\modules\\ticket\\dto\\index.ts": {"path":"C:\\Users\\joshe\\Desktop\\Taller Node\\latest\\nodejs-nexus\\src\\modules\\ticket\\dto\\index.ts","statementMap":{"0":{"start":{"line":21,"column":0},"end":{"line":21,"column":16}},"1":{"start":{"line":30,"column":0},"end":{"line":30,"column":16}},"2":{"start":{"line":22,"column":2},"end":{"line":22,"column":77}},"3":{"start":{"line":22,"column":41},"end":{"line":22,"column":77}},"4":{"start":{"line":23,"column":2},"end":{"line":23,"column":94}},"5":{"start":{"line":23,"column":57},"end":{"line":23,"column":94}},"6":{"start":{"line":24,"column":2},"end":{"line":24,"column":91}},"7":{"start":{"line":24,"column":55},"end":{"line":24,"column":91}},"8":{"start":{"line":25,"column":2},"end":{"line":25,"column":97}},"9":{"start":{"line":25,"column":59},"end":{"line":25,"column":97}},"10":{"start":{"line":26,"column":12},"end":{"line":26,"column":30}},"11":{"start":{"line":27,"column":2},"end":{"line":27,"column":70}},"12":{"start":{"line":27,"column":36},"end":{"line":27,"column":70}},"13":{"start":{"line":31,"column":31},"end":{"line":31,"column":33}},"14":{"start":{"line":32,"column":2},"end":{"line":32,"column":52}},"15":{"start":{"line":32,"column":41},"end":{"line":32,"column":52}},"16":{"start":{"line":34,"column":2},"end":{"line":34,"column":64}},"17":{"start":{"line":34,"column":39},"end":{"line":34,"column":64}},"18":{"start":{"line":35,"column":2},"end":{"line":35,"column":70}},"19":{"start":{"line":35,"column":41},"end":{"line":35,"column":70}},"20":{"start":{"line":36,"column":2},"end":{"line":40,"column":3}},"21":{"start":{"line":37,"column":14},"end":{"line":37,"column":32}},"22":{"start":{"line":38,"column":4},"end":{"line":38,"column":72}},"23":{"start":{"line":38,"column":38},"end":{"line":38,"column":72}},"24":{"start":{"line":39,"column":4},"end":{"line":39,"column":18}},"25":{"start":{"line":41,"column":2},"end":{"line":41,"column":80}},"26":{"start":{"line":41,"column":45},"end":{"line":41,"column":80}},"27":{"start":{"line":43,"column":2},"end":{"line":44,"column":69}},"28":{"start":{"line":43,"column":28},"end":{"line":43,"column":46}},"29":{"start":{"line":44,"column":7},"end":{"line":44,"column":69}},"30":{"start":{"line":44,"column":44},"end":{"line":44,"column":69}},"31":{"start":{"line":46,"column":2},"end":{"line":46,"column":13}}},"fnMap":{"0":{"name":"assertCreateTicketDTO","decl":{"start":{"line":21,"column":16},"end":{"line":21,"column":37}},"loc":{"start":{"line":21,"column":47},"end":{"line":28,"column":1}}},"1":{"name":"sanitizeUpdateTicketDTO","decl":{"start":{"line":30,"column":16},"end":{"line":30,"column":39}},"loc":{"start":{"line":30,"column":49},"end":{"line":47,"column":1}}}},"branchMap":{"0":{"loc":{"start":{"line":22,"column":2},"end":{"line":22,"column":77}},"type":"if","locations":[{"start":{"line":22,"column":2},"end":{"line":22,"column":77}},{"start":{},"end":{}}]},"1":{"loc":{"start":{"line":22,"column":6},"end":{"line":22,"column":39}},"type":"binary-expr","locations":[{"start":{"line":22,"column":6},"end":{"line":22,"column":11}},{"start":{"line":22,"column":15},"end":{"line":22,"column":39}}]},"2":{"loc":{"start":{"line":23,"column":2},"end":{"line":23,"column":94}},"type":"if","locations":[{"start":{"line":23,"column":2},"end":{"line":23,"column":94}},{"start":{},"end":{}}]},"3":{"loc":{"start":{"line":23,"column":6},"end":{"line":23,"column":55}},"type":"binary-expr","locations":[{"start":{"line":23,"column":6},"end":{"line":23,"column":19}},{"start":{"line":23,"column":23},"end":{"line":23,"column":55}}]},"4":{"loc":{"start":{"line":24,"column":2},"end":{"line":24,"column":91}},"type":"if","locations":[{"start":{"line":24,"column":2},"end":{"line":24,"column":91}},{"start":{},"end":{}}]},"5":{"loc":{"start":{"line":24,"column":6},"end":{"line":24,"column":53}},"type":"binary-expr","locations":[{"start":{"line":24,"column":6},"end":{"line":24,"column":18}},{"start":{"line":24,"column":22},"end":{"line":24,"column":53}}]},"6":{"loc":{"start":{"line":25,"column":2},"end":{"line":25,"column":97}},"type":"if","locations":[{"start":{"line":25,"column":2},"end":{"line":25,"column":97}},{"start":{},"end":{}}]},"7":{"loc":{"start":{"line":25,"column":6},"end":{"line":25,"column":57}},"type":"binary-expr","locations":[{"start":{"line":25,"column":6},"end":{"line":25,"column":20}},{"start":{"line":25,"column":24},"end":{"line":25,"column":57}}]},"8":{"loc":{"start":{"line":27,"column":2},"end":{"line":27,"column":70}},"type":"if","locations":[{"start":{"line":27,"column":2},"end":{"line":27,"column":70}},{"start":{},"end":{}}]},"9":{"loc":{"start":{"line":27,"column":6},"end":{"line":27,"column":34}},"type":"binary-expr","locations":[{"start":{"line":27,"column":6},"end":{"line":27,"column":25}},{"start":{"line":27,"column":29},"end":{"line":27,"column":34}}]},"10":{"loc":{"start":{"line":32,"column":2},"end":{"line":32,"column":52}},"type":"if","locations":[{"start":{"line":32,"column":2},"end":{"line":32,"column":52}},{"start":{},"end":{}}]},"11":{"loc":{"start":{"line":32,"column":6},"end":{"line":32,"column":39}},"type":"binary-expr","locations":[{"start":{"line":32,"column":6},"end":{"line":32,"column":11}},{"start":{"line":32,"column":15},"end":{"line":32,"column":39}}]},"12":{"loc":{"start":{"line":34,"column":2},"end":{"line":34,"column":64}},"type":"if","locations":[{"start":{"line":34,"column":2},"end":{"line":34,"column":64}},{"start":{},"end":{}}]},"13":{"loc":{"start":{"line":35,"column":2},"end":{"line":35,"column":70}},"type":"if","locations":[{"start":{"line":35,"column":2},"end":{"line":35,"column":70}},{"start":{},"end":{}}]},"14":{"loc":{"start":{"line":36,"column":2},"end":{"line":40,"column":3}},"type":"if","locations":[{"start":{"line":36,"column":2},"end":{"line":40,"column":3}},{"start":{},"end":{}}]},"15":{"loc":{"start":{"line":38,"column":4},"end":{"line":38,"column":72}},"type":"if","locations":[{"start":{"line":38,"column":4},"end":{"line":38,"column":72}},{"start":{},"end":{}}]},"16":{"loc":{"start":{"line":38,"column":8},"end":{"line":38,"column":36}},"type":"binary-expr","locations":[{"start":{"line":38,"column":8},"end":{"line":38,"column":27}},{"start":{"line":38,"column":31},"end":{"line":38,"column":36}}]},"17":{"loc":{"start":{"line":41,"column":2},"end":{"line":41,"column":80}},"type":"if","locations":[{"start":{"line":41,"column":2},"end":{"line":41,"column":80}},{"start":{},"end":{}}]},"18":{"loc":{"start":{"line":43,"column":2},"end":{"line":44,"column":69}},"type":"if","locations":[{"start":{"line":43,"column":2},"end":{"line":44,"column":69}},{"start":{"line":44,"column":7},"end":{"line":44,"column":69}}]},"19":{"loc":{"start":{"line":44,"column":7},"end":{"line":44,"column":69}},"type":"if","locations":[{"start":{"line":44,"column":7},"end":{"line":44,"column":69}},{"start":{},"end":{}}]}},"s":{"0":2,"1":2,"2":8,"3":0,"4":8,"5":2,"6":6,"7":1,"8":5,"9":1,"10":4,"11":4,"12":1,"13":4,"14":4,"15":1,"16":3,"17":1,"18":3,"19":1,"20":3,"21":2,"22":2,"23":1,"24":1,"25":2,"26":1,"27":2,"28":1,"29":1,"30":1,"31":2},"f":{"0":8,"1":4},"b":{"0":[0,8],"1":[8,8],"2":[2,6],"3":[8,6],"4":[1,5],"5":[6,5],"6":[1,4],"7":[5,4],"8":[1,3],"9":[4,4],"10":[1,3],"11":[4,3],"12":[1,2],"13":[1,2],"14":[2,1],"15":[1,1],"16":[2,2],"17":[1,1],"18":[1,1],"19":[1,0]}}
,"C:\\Users\\joshe\\Desktop\\Taller Node\\latest\\nodejs-nexus\\src\\modules\\user\\role.controller.ts": {"path":"C:\\Users\\joshe\\Desktop\\Taller Node\\latest\\nodejs-nexus\\src\\modules\\user\\role.controller.ts","statementMap":{"0":{"start":{"line":2,"column":0},"end":{"line":2,"column":45}},"1":{"start":{"line":3,"column":0},"end":{"line":3,"column":72}},"2":{"start":{"line":6,"column":22},"end":{"line":6,"column":46}},"3":{"start":{"line":9,"column":4},"end":{"line":14,"column":5}},"4":{"start":{"line":10,"column":20},"end":{"line":10,"column":57}},"5":{"start":{"line":11,"column":6},"end":{"line":11,"column":34}},"6":{"start":{"line":13,"column":6},"end":{"line":13,"column":35}},"7":{"start":{"line":18,"column":4},"end":{"line":27,"column":5}},"8":{"start":{"line":19,"column":21},"end":{"line":19,"column":31}},"9":{"start":{"line":20,"column":6},"end":{"line":22,"column":7}},"10":{"start":{"line":21,"column":8},"end":{"line":21,"column":65}},"11":{"start":{"line":23,"column":19},"end":{"line":23,"column":58}},"12":{"start":{"line":24,"column":6},"end":{"line":24,"column":33}},"13":{"start":{"line":26,"column":6},"end":{"line":26,"column":35}},"14":{"start":{"line":31,"column":4},"end":{"line":36,"column":5}},"15":{"start":{"line":32,"column":22},"end":{"line":32,"column":65}},"16":{"start":{"line":33,"column":6},"end":{"line":33,"column":36}},"17":{"start":{"line":35,"column":6},"end":{"line":35,"column":35}},"18":{"start":{"line":40,"column":4},"end":{"line":49,"column":5}},"19":{"start":{"line":41,"column":21},"end":{"line":41,"column":31}},"20":{"start":{"line":42,"column":6},"end":{"line":44,"column":7}},"21":{"start":{"line":43,"column":8},"end":{"line":43,"column":65}},"22":{"start":{"line":45,"column":26},"end":{"line":45,"column":73}},"23":{"start":{"line":46,"column":6},"end":{"line":46,"column":40}},"24":{"start":{"line":48,"column":6},"end":{"line":48,"column":35}},"25":{"start":{"line":53,"column":4},"end":{"line":62,"column":5}},"26":{"start":{"line":54,"column":21},"end":{"line":54,"column":31}},"27":{"start":{"line":55,"column":6},"end":{"line":57,"column":7}},"28":{"start":{"line":56,"column":8},"end":{"line":56,"column":65}},"29":{"start":{"line":58,"column":6},"end":{"line":58,"column":44}},"30":{"start":{"line":59,"column":6},"end":{"line":59,"column":29}},"31":{"start":{"line":61,"column":6},"end":{"line":61,"column":35}},"32":{"start":{"line":66,"column":4},"end":{"line":71,"column":5}},"33":{"start":{"line":67,"column":6},"end":{"line":69,"column":9}},"34":{"start":{"line":70,"column":6},"end":{"line":70,"column":13}},"35":{"start":{"line":72,"column":4},"end":{"line":72,"column":25}},"36":{"start":{"line":73,"column":4},"end":{"line":75,"column":7}},"37":{"start":{"line":79,"column":13},"end":{"line":79,"column":68}}},"fnMap":{"0":{"name":"(anonymous_0)","decl":{"start":{"line":6,"column":2},"end":{"line":6,"column":22}},"loc":{"start":{"line":6,"column":46},"end":{"line":6,"column":50}}},"1":{"name":"(anonymous_1)","decl":{"start":{"line":8,"column":9},"end":{"line":8,"column":14}},"loc":{"start":{"line":8,"column":55},"end":{"line":15,"column":3}}},"2":{"name":"(anonymous_2)","decl":{"start":{"line":17,"column":9},"end":{"line":17,"column":14}},"loc":{"start":{"line":17,"column":54},"end":{"line":28,"column":3}}},"3":{"name":"(anonymous_3)","decl":{"start":{"line":30,"column":9},"end":{"line":30,"column":14}},"loc":{"start":{"line":30,"column":53},"end":{"line":37,"column":3}}},"4":{"name":"(anonymous_4)","decl":{"start":{"line":39,"column":9},"end":{"line":39,"column":14}},"loc":{"start":{"line":39,"column":53},"end":{"line":50,"column":3}}},"5":{"name":"(anonymous_5)","decl":{"start":{"line":52,"column":9},"end":{"line":52,"column":14}},"loc":{"start":{"line":52,"column":53},"end":{"line":63,"column":3}}},"6":{"name":"(anonymous_6)","decl":{"start":{"line":65,"column":10},"end":{"line":65,"column":21}},"loc":{"start":{"line":65,"column":51},"end":{"line":76,"column":3}}}},"branchMap":{"0":{"loc":{"start":{"line":20,"column":6},"end":{"line":22,"column":7}},"type":"if","locations":[{"start":{"line":20,"column":6},"end":{"line":22,"column":7}},{"start":{},"end":{}}]},"1":{"loc":{"start":{"line":42,"column":6},"end":{"line":44,"column":7}},"type":"if","locations":[{"start":{"line":42,"column":6},"end":{"line":44,"column":7}},{"start":{},"end":{}}]},"2":{"loc":{"start":{"line":55,"column":6},"end":{"line":57,"column":7}},"type":"if","locations":[{"start":{"line":55,"column":6},"end":{"line":57,"column":7}},{"start":{},"end":{}}]},"3":{"loc":{"start":{"line":66,"column":4},"end":{"line":71,"column":5}},"type":"if","locations":[{"start":{"line":66,"column":4},"end":{"line":71,"column":5}},{"start":{},"end":{}}]}},"s":{"0":1,"1":1,"2":1,"3":1,"4":1,"5":1,"6":0,"7":2,"8":2,"9":2,"10":0,"11":2,"12":1,"13":1,"14":2,"15":2,"16":1,"17":1,"18":2,"19":2,"20":2,"21":1,"22":1,"23":1,"24":1,"25":1,"26":1,"27":1,"28":0,"29":1,"30":1,"31":0,"32":3,"33":3,"34":3,"35":0,"36":0,"37":1},"f":{"0":1,"1":1,"2":2,"3":2,"4":2,"5":1,"6":3},"b":{"0":[0,2],"1":[1,1],"2":[0,1],"3":[3,0]}}
,"C:\\Users\\joshe\\Desktop\\Taller Node\\latest\\nodejs-nexus\\src\\modules\\user\\role.service.ts": {"path":"C:\\Users\\joshe\\Desktop\\Taller Node\\latest\\nodejs-nexus\\src\\modules\\user\\role.service.ts","statementMap":{"0":{"start":{"line":2,"column":0},"end":{"line":2,"column":75}},"1":{"start":{"line":5,"column":0},"end":{"line":5,"column":32}},"2":{"start":{"line":6,"column":0},"end":{"line":6,"column":32}},"3":{"start":{"line":10,"column":4},"end":{"line":10,"column":23}},"4":{"start":{"line":14,"column":17},"end":{"line":14,"column":40}},"5":{"start":{"line":15,"column":4},"end":{"line":17,"column":5}},"6":{"start":{"line":16,"column":6},"end":{"line":16,"column":52}},"7":{"start":{"line":18,"column":4},"end":{"line":18,"column":16}},"8":{"start":{"line":22,"column":25},"end":{"line":24,"column":6}},"9":{"start":{"line":25,"column":4},"end":{"line":27,"column":5}},"10":{"start":{"line":26,"column":6},"end":{"line":26,"column":66}},"11":{"start":{"line":29,"column":20},"end":{"line":29,"column":38}},"12":{"start":{"line":30,"column":4},"end":{"line":30,"column":25}},"13":{"start":{"line":31,"column":4},"end":{"line":31,"column":19}},"14":{"start":{"line":38,"column":24},"end":{"line":40,"column":6}},"15":{"start":{"line":41,"column":4},"end":{"line":43,"column":5}},"16":{"start":{"line":42,"column":6},"end":{"line":42,"column":52}},"17":{"start":{"line":44,"column":4},"end":{"line":44,"column":23}},"18":{"start":{"line":48,"column":22},"end":{"line":48,"column":61}},"19":{"start":{"line":49,"column":4},"end":{"line":53,"column":5}},"20":{"start":{"line":50,"column":6},"end":{"line":52,"column":8}},"21":{"start":{"line":55,"column":24},"end":{"line":55,"column":56}},"22":{"start":{"line":56,"column":4},"end":{"line":58,"column":5}},"23":{"start":{"line":57,"column":6},"end":{"line":57,"column":52}},"24":{"start":{"line":59,"column":4},"end":{"line":59,"column":23}},"25":{"start":{"line":8,"column":0},"end":{"line":8,"column":13}}},"fnMap":{"0":{"name":"(anonymous_1)","decl":{"start":{"line":9,"column":9},"end":{"line":9,"column":14}},"loc":{"start":{"line":9,"column":27},"end":{"line":11,"column":3}}},"1":{"name":"(anonymous_2)","decl":{"start":{"line":13,"column":9},"end":{"line":13,"column":14}},"loc":{"start":{"line":13,"column":38},"end":{"line":19,"column":3}}},"2":{"name":"(anonymous_3)","decl":{"start":{"line":21,"column":9},"end":{"line":21,"column":14}},"loc":{"start":{"line":21,"column":49},"end":{"line":32,"column":3}}},"3":{"name":"(anonymous_4)","decl":{"start":{"line":34,"column":9},"end":{"line":34,"column":14}},"loc":{"start":{"line":36,"column":27},"end":{"line":45,"column":3}}},"4":{"name":"(anonymous_5)","decl":{"start":{"line":47,"column":9},"end":{"line":47,"column":14}},"loc":{"start":{"line":47,"column":36},"end":{"line":60,"column":3}}}},"branchMap":{"0":{"loc":{"start":{"line":15,"column":4},"end":{"line":17,"column":5}},"type":"if","locations":[{"start":{"line":15,"column":4},"end":{"line":17,"column":5}},{"start":{},"end":{}}]},"1":{"loc":{"start":{"line":25,"column":4},"end":{"line":27,"column":5}},"type":"if","locations":[{"start":{"line":25,"column":4},"end":{"line":27,"column":5}},{"start":{},"end":{}}]},"2":{"loc":{"start":{"line":41,"column":4},"end":{"line":43,"column":5}},"type":"if","locations":[{"start":{"line":41,"column":4},"end":{"line":43,"column":5}},{"start":{},"end":{}}]},"3":{"loc":{"start":{"line":49,"column":4},"end":{"line":53,"column":5}},"type":"if","locations":[{"start":{"line":49,"column":4},"end":{"line":53,"column":5}},{"start":{},"end":{}}]},"4":{"loc":{"start":{"line":56,"column":4},"end":{"line":58,"column":5}},"type":"if","locations":[{"start":{"line":56,"column":4},"end":{"line":58,"column":5}},{"start":{},"end":{}}]}},"s":{"0":2,"1":2,"2":2,"3":1,"4":2,"5":2,"6":1,"7":1,"8":2,"9":2,"10":1,"11":1,"12":1,"13":1,"14":2,"15":2,"16":1,"17":1,"18":2,"19":2,"20":1,"21":1,"22":1,"23":0,"24":1,"25":2},"f":{"0":1,"1":2,"2":2,"3":2,"4":2},"b":{"0":[1,1],"1":[1,1],"2":[1,1],"3":[1,1],"4":[0,1]}}
,"C:\\Users\\joshe\\Desktop\\Taller Node\\latest\\nodejs-nexus\\src\\modules\\user\\user.controller.ts": {"path":"C:\\Users\\joshe\\Desktop\\Taller Node\\latest\\nodejs-nexus\\src\\modules\\user\\user.controller.ts","statementMap":{"0":{"start":{"line":3,"column":0},"end":{"line":3,"column":45}},"1":{"start":{"line":4,"column":0},"end":{"line":4,"column":72}},"2":{"start":{"line":8,"column":22},"end":{"line":8,"column":46}},"3":{"start":{"line":11,"column":4},"end":{"line":16,"column":5}},"4":{"start":{"line":12,"column":20},"end":{"line":12,"column":57}},"5":{"start":{"line":13,"column":6},"end":{"line":13,"column":34}},"6":{"start":{"line":15,"column":6},"end":{"line":15,"column":35}},"7":{"start":{"line":20,"column":4},"end":{"line":33,"column":5}},"8":{"start":{"line":21,"column":21},"end":{"line":21,"column":31}},"9":{"start":{"line":22,"column":6},"end":{"line":28,"column":7}},"10":{"start":{"line":23,"column":8},"end":{"line":27,"column":10}},"11":{"start":{"line":29,"column":19},"end":{"line":29,"column":58}},"12":{"start":{"line":30,"column":6},"end":{"line":30,"column":33}},"13":{"start":{"line":32,"column":6},"end":{"line":32,"column":35}},"14":{"start":{"line":37,"column":4},"end":{"line":46,"column":5}},"15":{"start":{"line":38,"column":24},"end":{"line":38,"column":33}},"16":{"start":{"line":39,"column":6},"end":{"line":41,"column":7}},"17":{"start":{"line":40,"column":8},"end":{"line":40,"column":72}},"18":{"start":{"line":42,"column":19},"end":{"line":42,"column":64}},"19":{"start":{"line":43,"column":6},"end":{"line":43,"column":33}},"20":{"start":{"line":45,"column":6},"end":{"line":45,"column":35}},"21":{"start":{"line":50,"column":4},"end":{"line":55,"column":5}},"22":{"start":{"line":51,"column":22},"end":{"line":51,"column":65}},"23":{"start":{"line":52,"column":6},"end":{"line":52,"column":36}},"24":{"start":{"line":54,"column":6},"end":{"line":54,"column":35}},"25":{"start":{"line":59,"column":4},"end":{"line":64,"column":5}},"26":{"start":{"line":60,"column":19},"end":{"line":60,"column":43}},"27":{"start":{"line":61,"column":6},"end":{"line":61,"column":33}},"28":{"start":{"line":63,"column":6},"end":{"line":63,"column":35}},"29":{"start":{"line":68,"column":4},"end":{"line":81,"column":5}},"30":{"start":{"line":69,"column":21},"end":{"line":69,"column":31}},"31":{"start":{"line":70,"column":6},"end":{"line":76,"column":7}},"32":{"start":{"line":71,"column":8},"end":{"line":75,"column":10}},"33":{"start":{"line":77,"column":26},"end":{"line":77,"column":73}},"34":{"start":{"line":78,"column":6},"end":{"line":78,"column":40}},"35":{"start":{"line":80,"column":6},"end":{"line":80,"column":35}},"36":{"start":{"line":85,"column":4},"end":{"line":97,"column":5}},"37":{"start":{"line":86,"column":22},"end":{"line":86,"column":50}},"38":{"start":{"line":87,"column":38},"end":{"line":87,"column":46}},"39":{"start":{"line":88,"column":29},"end":{"line":88,"column":52}},"40":{"start":{"line":90,"column":26},"end":{"line":92,"column":null}},"41":{"start":{"line":94,"column":6},"end":{"line":94,"column":40}},"42":{"start":{"line":96,"column":6},"end":{"line":96,"column":35}},"43":{"start":{"line":101,"column":4},"end":{"line":114,"column":5}},"44":{"start":{"line":102,"column":21},"end":{"line":102,"column":31}},"45":{"start":{"line":103,"column":6},"end":{"line":109,"column":7}},"46":{"start":{"line":104,"column":8},"end":{"line":108,"column":10}},"47":{"start":{"line":110,"column":6},"end":{"line":110,"column":44}},"48":{"start":{"line":111,"column":6},"end":{"line":111,"column":29}},"49":{"start":{"line":113,"column":6},"end":{"line":113,"column":35}},"50":{"start":{"line":118,"column":4},"end":{"line":127,"column":5}},"51":{"start":{"line":119,"column":6},"end":{"line":125,"column":9}},"52":{"start":{"line":126,"column":6},"end":{"line":126,"column":13}},"53":{"start":{"line":129,"column":4},"end":{"line":129,"column":25}},"54":{"start":{"line":130,"column":4},"end":{"line":132,"column":7}},"55":{"start":{"line":136,"column":20},"end":{"line":136,"column":37}},"56":{"start":{"line":137,"column":13},"end":{"line":137,"column":62}}},"fnMap":{"0":{"name":"(anonymous_0)","decl":{"start":{"line":8,"column":2},"end":{"line":8,"column":22}},"loc":{"start":{"line":8,"column":46},"end":{"line":8,"column":50}}},"1":{"name":"(anonymous_1)","decl":{"start":{"line":10,"column":9},"end":{"line":10,"column":14}},"loc":{"start":{"line":10,"column":55},"end":{"line":17,"column":3}}},"2":{"name":"(anonymous_2)","decl":{"start":{"line":19,"column":9},"end":{"line":19,"column":14}},"loc":{"start":{"line":19,"column":54},"end":{"line":34,"column":3}}},"3":{"name":"(anonymous_3)","decl":{"start":{"line":36,"column":9},"end":{"line":36,"column":14}},"loc":{"start":{"line":36,"column":57},"end":{"line":47,"column":3}}},"4":{"name":"(anonymous_4)","decl":{"start":{"line":49,"column":9},"end":{"line":49,"column":14}},"loc":{"start":{"line":49,"column":53},"end":{"line":56,"column":3}}},"5":{"name":"(anonymous_5)","decl":{"start":{"line":58,"column":9},"end":{"line":58,"column":14}},"loc":{"start":{"line":58,"column":57},"end":{"line":65,"column":3}}},"6":{"name":"(anonymous_6)","decl":{"start":{"line":67,"column":9},"end":{"line":67,"column":14}},"loc":{"start":{"line":67,"column":53},"end":{"line":82,"column":3}}},"7":{"name":"(anonymous_7)","decl":{"start":{"line":84,"column":9},"end":{"line":84,"column":14}},"loc":{"start":{"line":84,"column":60},"end":{"line":98,"column":3}}},"8":{"name":"(anonymous_8)","decl":{"start":{"line":100,"column":9},"end":{"line":100,"column":14}},"loc":{"start":{"line":100,"column":53},"end":{"line":115,"column":3}}},"9":{"name":"(anonymous_9)","decl":{"start":{"line":117,"column":10},"end":{"line":117,"column":21}},"loc":{"start":{"line":117,"column":51},"end":{"line":133,"column":3}}}},"branchMap":{"0":{"loc":{"start":{"line":22,"column":6},"end":{"line":28,"column":7}},"type":"if","locations":[{"start":{"line":22,"column":6},"end":{"line":28,"column":7}},{"start":{},"end":{}}]},"1":{"loc":{"start":{"line":39,"column":6},"end":{"line":41,"column":7}},"type":"if","locations":[{"start":{"line":39,"column":6},"end":{"line":41,"column":7}},{"start":{},"end":{}}]},"2":{"loc":{"start":{"line":39,"column":10},"end":{"line":39,"column":45}},"type":"binary-expr","locations":[{"start":{"line":39,"column":10},"end":{"line":39,"column":16}},{"start":{"line":39,"column":20},"end":{"line":39,"column":45}}]},"3":{"loc":{"start":{"line":70,"column":6},"end":{"line":76,"column":7}},"type":"if","locations":[{"start":{"line":70,"column":6},"end":{"line":76,"column":7}},{"start":{},"end":{}}]},"4":{"loc":{"start":{"line":103,"column":6},"end":{"line":109,"column":7}},"type":"if","locations":[{"start":{"line":103,"column":6},"end":{"line":109,"column":7}},{"start":{},"end":{}}]},"5":{"loc":{"start":{"line":118,"column":4},"end":{"line":127,"column":5}},"type":"if","locations":[{"start":{"line":118,"column":4},"end":{"line":127,"column":5}},{"start":{},"end":{}}]}},"s":{"0":1,"1":1,"2":1,"3":1,"4":1,"5":1,"6":0,"7":1,"8":1,"9":1,"10":0,"11":1,"12":1,"13":0,"14":2,"15":2,"16":2,"17":1,"18":1,"19":1,"20":1,"21":1,"22":1,"23":1,"24":0,"25":1,"26":1,"27":1,"28":0,"29":2,"30":2,"31":2,"32":1,"33":1,"34":1,"35":1,"36":1,"37":1,"38":1,"39":1,"40":1,"41":1,"42":0,"43":1,"44":1,"45":1,"46":0,"47":1,"48":1,"49":0,"50":2,"51":2,"52":2,"53":0,"54":0,"55":1,"56":1},"f":{"0":1,"1":1,"2":1,"3":2,"4":1,"5":1,"6":2,"7":1,"8":1,"9":2},"b":{"0":[0,1],"1":[1,1],"2":[2,1],"3":[1,1],"4":[0,1],"5":[2,0]}}
,"C:\\Users\\joshe\\Desktop\\Taller Node\\latest\\nodejs-nexus\\src\\modules\\user\\user.service.ts": {"path":"C:\\Users\\joshe\\Desktop\\Taller Node\\latest\\nodejs-nexus\\src\\modules\\user\\user.service.ts","statementMap":{"0":{"start":{"line":1,"column":0},"end":{"line":1,"column":30}},"1":{"start":{"line":3,"column":0},"end":{"line":3,"column":32}},"2":{"start":{"line":4,"column":0},"end":{"line":4,"column":32}},"3":{"start":{"line":5,"column":0},"end":{"line":5,"column":null}},"4":{"start":{"line":15,"column":4},"end":{"line":15,"column":40}},"5":{"start":{"line":19,"column":17},"end":{"line":19,"column":57}},"6":{"start":{"line":20,"column":4},"end":{"line":22,"column":5}},"7":{"start":{"line":21,"column":6},"end":{"line":21,"column":56}},"8":{"start":{"line":23,"column":4},"end":{"line":23,"column":16}},"9":{"start":{"line":29,"column":4},"end":{"line":31,"column":24}},"10":{"start":{"line":35,"column":17},"end":{"line":36,"column":null}},"11":{"start":{"line":38,"column":4},"end":{"line":40,"column":5}},"12":{"start":{"line":39,"column":6},"end":{"line":39,"column":71}},"13":{"start":{"line":41,"column":4},"end":{"line":41,"column":16}},"14":{"start":{"line":45,"column":25},"end":{"line":45,"column":70}},"15":{"start":{"line":46,"column":4},"end":{"line":48,"column":5}},"16":{"start":{"line":47,"column":6},"end":{"line":47,"column":71}},"17":{"start":{"line":50,"column":21},"end":{"line":50,"column":78}},"18":{"start":{"line":51,"column":4},"end":{"line":53,"column":5}},"19":{"start":{"line":52,"column":6},"end":{"line":52,"column":66}},"20":{"start":{"line":55,"column":27},"end":{"line":55,"column":67}},"21":{"start":{"line":56,"column":20},"end":{"line":60,"column":6}},"22":{"start":{"line":61,"column":4},"end":{"line":61,"column":25}},"23":{"start":{"line":62,"column":4},"end":{"line":62,"column":19}},"24":{"start":{"line":69,"column":24},"end":{"line":71,"column":23}},"25":{"start":{"line":72,"column":4},"end":{"line":74,"column":5}},"26":{"start":{"line":73,"column":6},"end":{"line":73,"column":56}},"27":{"start":{"line":75,"column":4},"end":{"line":75,"column":23}},"28":{"start":{"line":79,"column":24},"end":{"line":79,"column":56}},"29":{"start":{"line":80,"column":4},"end":{"line":82,"column":5}},"30":{"start":{"line":81,"column":6},"end":{"line":81,"column":56}},"31":{"start":{"line":83,"column":4},"end":{"line":83,"column":23}},"32":{"start":{"line":13,"column":0},"end":{"line":13,"column":13}}},"fnMap":{"0":{"name":"(anonymous_1)","decl":{"start":{"line":14,"column":9},"end":{"line":14,"column":14}},"loc":{"start":{"line":14,"column":27},"end":{"line":16,"column":3}}},"1":{"name":"(anonymous_2)","decl":{"start":{"line":18,"column":9},"end":{"line":18,"column":14}},"loc":{"start":{"line":18,"column":38},"end":{"line":24,"column":3}}},"2":{"name":"(anonymous_3)","decl":{"start":{"line":26,"column":9},"end":{"line":26,"column":14}},"loc":{"start":{"line":27,"column":17},"end":{"line":32,"column":3}}},"3":{"name":"(anonymous_4)","decl":{"start":{"line":34,"column":9},"end":{"line":34,"column":14}},"loc":{"start":{"line":34,"column":44},"end":{"line":42,"column":3}}},"4":{"name":"(anonymous_5)","decl":{"start":{"line":44,"column":9},"end":{"line":44,"column":14}},"loc":{"start":{"line":44,"column":49},"end":{"line":63,"column":3}}},"5":{"name":"(anonymous_6)","decl":{"start":{"line":65,"column":9},"end":{"line":65,"column":14}},"loc":{"start":{"line":67,"column":27},"end":{"line":76,"column":3}}},"6":{"name":"(anonymous_7)","decl":{"start":{"line":78,"column":9},"end":{"line":78,"column":14}},"loc":{"start":{"line":78,"column":36},"end":{"line":84,"column":3}}}},"branchMap":{"0":{"loc":{"start":{"line":20,"column":4},"end":{"line":22,"column":5}},"type":"if","locations":[{"start":{"line":20,"column":4},"end":{"line":22,"column":5}},{"start":{},"end":{}}]},"1":{"loc":{"start":{"line":38,"column":4},"end":{"line":40,"column":5}},"type":"if","locations":[{"start":{"line":38,"column":4},"end":{"line":40,"column":5}},{"start":{},"end":{}}]},"2":{"loc":{"start":{"line":46,"column":4},"end":{"line":48,"column":5}},"type":"if","locations":[{"start":{"line":46,"column":4},"end":{"line":48,"column":5}},{"start":{},"end":{}}]},"3":{"loc":{"start":{"line":51,"column":4},"end":{"line":53,"column":5}},"type":"if","locations":[{"start":{"line":51,"column":4},"end":{"line":53,"column":5}},{"start":{},"end":{}}]},"4":{"loc":{"start":{"line":72,"column":4},"end":{"line":74,"column":5}},"type":"if","locations":[{"start":{"line":72,"column":4},"end":{"line":74,"column":5}},{"start":{},"end":{}}]},"5":{"loc":{"start":{"line":80,"column":4},"end":{"line":82,"column":5}},"type":"if","locations":[{"start":{"line":80,"column":4},"end":{"line":82,"column":5}},{"start":{},"end":{}}]}},"s":{"0":4,"1":4,"2":4,"3":4,"4":1,"5":1,"6":1,"7":1,"8":0,"9":0,"10":2,"11":2,"12":1,"13":1,"14":3,"15":3,"16":1,"17":2,"18":2,"19":1,"20":1,"21":1,"22":1,"23":1,"24":2,"25":2,"26":1,"27":1,"28":2,"29":2,"30":1,"31":1,"32":4},"f":{"0":1,"1":1,"2":0,"3":2,"4":3,"5":2,"6":2},"b":{"0":[1,0],"1":[1,1],"2":[1,2],"3":[1,1],"4":[1,1],"5":[1,1]}}
,"C:\\Users\\joshe\\Desktop\\Taller Node\\latest\\nodejs-nexus\\src\\utils\\errors\\ApiError.ts": {"path":"C:\\Users\\joshe\\Desktop\\Taller Node\\latest\\nodejs-nexus\\src\\utils\\errors\\ApiError.ts","statementMap":{"0":{"start":{"line":20,"column":4},"end":{"line":20,"column":19}},"1":{"start":{"line":21,"column":4},"end":{"line":21,"column":33}},"2":{"start":{"line":22,"column":4},"end":{"line":22,"column":31}},"3":{"start":{"line":23,"column":4},"end":{"line":23,"column":27}},"4":{"start":{"line":9,"column":0},"end":{"line":9,"column":13}},"5":{"start":{"line":29,"column":4},"end":{"line":29,"column":53}},"6":{"start":{"line":27,"column":0},"end":{"line":27,"column":13}},"7":{"start":{"line":35,"column":4},"end":{"line":35,"column":37}},"8":{"start":{"line":33,"column":0},"end":{"line":33,"column":13}},"9":{"start":{"line":41,"column":4},"end":{"line":41,"column":36}},"10":{"start":{"line":39,"column":0},"end":{"line":39,"column":13}},"11":{"start":{"line":47,"column":4},"end":{"line":47,"column":42}},"12":{"start":{"line":45,"column":0},"end":{"line":45,"column":13}}},"fnMap":{"0":{"name":"(anonymous_0)","decl":{"start":{"line":14,"column":2},"end":{"line":14,"column":null}},"loc":{"start":{"line":18,"column":23},"end":{"line":24,"column":3}}},"1":{"name":"(anonymous_1)","decl":{"start":{"line":28,"column":2},"end":{"line":28,"column":14}},"loc":{"start":{"line":28,"column":50},"end":{"line":30,"column":3}}},"2":{"name":"(anonymous_2)","decl":{"start":{"line":34,"column":2},"end":{"line":34,"column":14}},"loc":{"start":{"line":34,"column":29},"end":{"line":36,"column":3}}},"3":{"name":"(anonymous_3)","decl":{"start":{"line":40,"column":2},"end":{"line":40,"column":14}},"loc":{"start":{"line":40,"column":29},"end":{"line":42,"column":3}}},"4":{"name":"(anonymous_4)","decl":{"start":{"line":46,"column":2},"end":{"line":46,"column":14}},"loc":{"start":{"line":46,"column":74},"end":{"line":48,"column":3}}}},"branchMap":{"0":{"loc":{"start":{"line":18,"column":4},"end":{"line":18,"column":23}},"type":"default-arg","locations":[{"start":{"line":18,"column":21},"end":{"line":18,"column":23}}]},"1":{"loc":{"start":{"line":28,"column":31},"end":{"line":28,"column":50}},"type":"default-arg","locations":[{"start":{"line":28,"column":48},"end":{"line":28,"column":50}}]},"2":{"loc":{"start":{"line":46,"column":14},"end":{"line":46,"column":74}},"type":"default-arg","locations":[{"start":{"line":46,"column":32},"end":{"line":46,"column":74}}]}},"s":{"0":30,"1":30,"2":30,"3":30,"4":25,"5":5,"6":25,"7":12,"8":25,"9":5,"10":25,"11":0,"12":25},"f":{"0":30,"1":5,"2":12,"3":5,"4":0},"b":{"0":[25],"1":[5],"2":[0]}}
}
