{"C:\\Users\\joshe\\Desktop\\Taller Node\\latest\\nodejs-nexus\\src\\modules\\ticket\\ticket.controller.ts": {"path":"C:\\Users\\joshe\\Desktop\\Taller Node\\latest\\nodejs-nexus\\src\\modules\\ticket\\ticket.controller.ts","statementMap":{"0":{"start":{"line":2,"column":0},"end":{"line":2,"column":42}},"1":{"start":{"line":3,"column":0},"end":{"line":3,"column":39}},"2":{"start":{"line":4,"column":0},"end":{"line":4,"column":77}},"3":{"start":{"line":7,"column":4},"end":{"line":7,"column":65}},"4":{"start":{"line":10,"column":4},"end":{"line":10,"column":36}},"5":{"start":{"line":10,"column":22},"end":{"line":10,"column":36}},"6":{"start":{"line":11,"column":4},"end":{"line":11,"column":38}},"7":{"start":{"line":11,"column":23},"end":{"line":11,"column":38}},"8":{"start":{"line":12,"column":4},"end":{"line":12,"column":21}},"9":{"start":{"line":15,"column":15},"end":{"line":15,"column":54}},"10":{"start":{"line":16,"column":4},"end":{"line":18,"column":5}},"11":{"start":{"line":17,"column":8},"end":{"line":17,"column":66}},"12":{"start":{"line":19,"column":4},"end":{"line":19,"column":13}},"13":{"start":{"line":25,"column":8},"end":{"line":32,"column":9}},"14":{"start":{"line":26,"column":12},"end":{"line":26,"column":44}},"15":{"start":{"line":27,"column":24},"end":{"line":27,"column":57}},"16":{"start":{"line":28,"column":12},"end":{"line":28,"column":38}},"17":{"start":{"line":30,"column":22},"end":{"line":30,"column":123}},"18":{"start":{"line":31,"column":12},"end":{"line":31,"column":66}},"19":{"start":{"line":37,"column":8},"end":{"line":64,"column":9}},"20":{"start":{"line":38,"column":25},"end":{"line":38,"column":52}},"21":{"start":{"line":39,"column":26},"end":{"line":39,"column":55}},"22":{"start":{"line":48,"column":16},"end":{"line":48,"column":31}},"23":{"start":{"line":50,"column":28},"end":{"line":50,"column":51}},"24":{"start":{"line":51,"column":12},"end":{"line":51,"column":48}},"25":{"start":{"line":51,"column":25},"end":{"line":51,"column":48}},"26":{"start":{"line":53,"column":27},"end":{"line":53,"column":49}},"27":{"start":{"line":54,"column":12},"end":{"line":54,"column":45}},"28":{"start":{"line":54,"column":24},"end":{"line":54,"column":45}},"29":{"start":{"line":56,"column":32},"end":{"line":56,"column":63}},"30":{"start":{"line":57,"column":12},"end":{"line":57,"column":60}},"31":{"start":{"line":57,"column":29},"end":{"line":57,"column":60}},"32":{"start":{"line":59,"column":25},"end":{"line":59,"column":49}},"33":{"start":{"line":60,"column":12},"end":{"line":60,"column":27}},"34":{"start":{"line":62,"column":22},"end":{"line":62,"column":109}},"35":{"start":{"line":63,"column":12},"end":{"line":63,"column":66}},"36":{"start":{"line":69,"column":8},"end":{"line":76,"column":9}},"37":{"start":{"line":70,"column":23},"end":{"line":70,"column":50}},"38":{"start":{"line":71,"column":24},"end":{"line":71,"column":49}},"39":{"start":{"line":72,"column":12},"end":{"line":72,"column":26}},"40":{"start":{"line":74,"column":22},"end":{"line":74,"column":107}},"41":{"start":{"line":75,"column":12},"end":{"line":75,"column":66}},"42":{"start":{"line":81,"column":8},"end":{"line":89,"column":9}},"43":{"start":{"line":82,"column":23},"end":{"line":82,"column":50}},"44":{"start":{"line":83,"column":26},"end":{"line":83,"column":59}},"45":{"start":{"line":84,"column":24},"end":{"line":84,"column":55}},"46":{"start":{"line":85,"column":12},"end":{"line":85,"column":26}},"47":{"start":{"line":87,"column":22},"end":{"line":87,"column":128}},"48":{"start":{"line":88,"column":12},"end":{"line":88,"column":66}},"49":{"start":{"line":94,"column":8},"end":{"line":101,"column":9}},"50":{"start":{"line":95,"column":23},"end":{"line":95,"column":50}},"51":{"start":{"line":96,"column":23},"end":{"line":96,"column":47}},"52":{"start":{"line":97,"column":12},"end":{"line":97,"column":25}},"53":{"start":{"line":99,"column":22},"end":{"line":99,"column":110}},"54":{"start":{"line":100,"column":12},"end":{"line":100,"column":66}},"55":{"start":{"line":106,"column":8},"end":{"line":113,"column":9}},"56":{"start":{"line":107,"column":31},"end":{"line":107,"column":66}},"57":{"start":{"line":108,"column":27},"end":{"line":108,"column":67}},"58":{"start":{"line":109,"column":12},"end":{"line":109,"column":43}},"59":{"start":{"line":111,"column":22},"end":{"line":111,"column":107}},"60":{"start":{"line":112,"column":12},"end":{"line":112,"column":66}},"61":{"start":{"line":117,"column":8},"end":{"line":124,"column":9}},"62":{"start":{"line":118,"column":31},"end":{"line":118,"column":66}},"63":{"start":{"line":119,"column":27},"end":{"line":119,"column":62}},"64":{"start":{"line":120,"column":12},"end":{"line":120,"column":43}},"65":{"start":{"line":122,"column":22},"end":{"line":122,"column":116}},"66":{"start":{"line":123,"column":12},"end":{"line":123,"column":66}},"67":{"start":{"line":22,"column":0},"end":{"line":22,"column":13}},"68":{"start":{"line":128,"column":0},"end":{"line":128,"column":38}}},"fnMap":{"0":{"name":"qstr","decl":{"start":{"line":6,"column":9},"end":{"line":6,"column":13}},"loc":{"start":{"line":6,"column":24},"end":{"line":8,"column":1}}},"1":{"name":"qboolStr","decl":{"start":{"line":9,"column":9},"end":{"line":9,"column":17}},"loc":{"start":{"line":9,"column":28},"end":{"line":13,"column":1}}},"2":{"name":"mustParam","decl":{"start":{"line":14,"column":9},"end":{"line":14,"column":18}},"loc":{"start":{"line":14,"column":57},"end":{"line":20,"column":1}}},"3":{"name":"(anonymous_4)","decl":{"start":{"line":24,"column":4},"end":{"line":24,"column":9}},"loc":{"start":{"line":24,"column":44},"end":{"line":33,"column":5}}},"4":{"name":"(anonymous_5)","decl":{"start":{"line":36,"column":4},"end":{"line":36,"column":9}},"loc":{"start":{"line":36,"column":42},"end":{"line":65,"column":5}}},"5":{"name":"(anonymous_6)","decl":{"start":{"line":68,"column":4},"end":{"line":68,"column":9}},"loc":{"start":{"line":68,"column":45},"end":{"line":77,"column":5}}},"6":{"name":"(anonymous_7)","decl":{"start":{"line":80,"column":4},"end":{"line":80,"column":9}},"loc":{"start":{"line":80,"column":44},"end":{"line":90,"column":5}}},"7":{"name":"(anonymous_8)","decl":{"start":{"line":93,"column":4},"end":{"line":93,"column":9}},"loc":{"start":{"line":93,"column":44},"end":{"line":102,"column":5}}},"8":{"name":"(anonymous_9)","decl":{"start":{"line":105,"column":4},"end":{"line":105,"column":9}},"loc":{"start":{"line":105,"column":52},"end":{"line":114,"column":5}}},"9":{"name":"(anonymous_10)","decl":{"start":{"line":116,"column":4},"end":{"line":116,"column":9}},"loc":{"start":{"line":116,"column":47},"end":{"line":125,"column":5}}}},"branchMap":{"0":{"loc":{"start":{"line":7,"column":11},"end":{"line":7,"column":64}},"type":"cond-expr","locations":[{"start":{"line":7,"column":51},"end":{"line":7,"column":52}},{"start":{"line":7,"column":55},"end":{"line":7,"column":64}}]},"1":{"loc":{"start":{"line":7,"column":11},"end":{"line":7,"column":48}},"type":"binary-expr","locations":[{"start":{"line":7,"column":11},"end":{"line":7,"column":32}},{"start":{"line":7,"column":36},"end":{"line":7,"column":48}}]},"2":{"loc":{"start":{"line":10,"column":4},"end":{"line":10,"column":36}},"type":"if","locations":[{"start":{"line":10,"column":4},"end":{"line":10,"column":36}},{"start":{},"end":{}}]},"3":{"loc":{"start":{"line":11,"column":4},"end":{"line":11,"column":38}},"type":"if","locations":[{"start":{"line":11,"column":4},"end":{"line":11,"column":38}},{"start":{},"end":{}}]},"4":{"loc":{"start":{"line":16,"column":4},"end":{"line":18,"column":5}},"type":"if","locations":[{"start":{"line":16,"column":4},"end":{"line":18,"column":5}},{"start":{},"end":{}}]},"5":{"loc":{"start":{"line":16,"column":8},"end":{"line":16,"column":47}},"type":"binary-expr","locations":[{"start":{"line":16,"column":8},"end":{"line":16,"column":29}},{"start":{"line":16,"column":33},"end":{"line":16,"column":47}}]},"6":{"loc":{"start":{"line":30,"column":22},"end":{"line":30,"column":123}},"type":"cond-expr","locations":[{"start":{"line":30,"column":57},"end":{"line":30,"column":60}},{"start":{"line":30,"column":63},"end":{"line":30,"column":123}}]},"7":{"loc":{"start":{"line":30,"column":84},"end":{"line":30,"column":122}},"type":"binary-expr","locations":[{"start":{"line":30,"column":84},"end":{"line":30,"column":96}},{"start":{"line":30,"column":100},"end":{"line":30,"column":122}}]},"8":{"loc":{"start":{"line":38,"column":32},"end":{"line":38,"column":51}},"type":"binary-expr","locations":[{"start":{"line":38,"column":32},"end":{"line":38,"column":46}},{"start":{"line":38,"column":50},"end":{"line":38,"column":51}}]},"9":{"loc":{"start":{"line":39,"column":33},"end":{"line":39,"column":54}},"type":"binary-expr","locations":[{"start":{"line":39,"column":33},"end":{"line":39,"column":48}},{"start":{"line":39,"column":52},"end":{"line":39,"column":54}}]},"10":{"loc":{"start":{"line":51,"column":12},"end":{"line":51,"column":48}},"type":"if","locations":[{"start":{"line":51,"column":12},"end":{"line":51,"column":48}},{"start":{},"end":{}}]},"11":{"loc":{"start":{"line":54,"column":12},"end":{"line":54,"column":45}},"type":"if","locations":[{"start":{"line":54,"column":12},"end":{"line":54,"column":45}},{"start":{},"end":{}}]},"12":{"loc":{"start":{"line":57,"column":12},"end":{"line":57,"column":60}},"type":"if","locations":[{"start":{"line":57,"column":12},"end":{"line":57,"column":60}},{"start":{},"end":{}}]},"13":{"loc":{"start":{"line":62,"column":22},"end":{"line":62,"column":109}},"type":"cond-expr","locations":[{"start":{"line":62,"column":57},"end":{"line":62,"column":60}},{"start":{"line":62,"column":63},"end":{"line":62,"column":109}}]},"14":{"loc":{"start":{"line":74,"column":22},"end":{"line":74,"column":107}},"type":"cond-expr","locations":[{"start":{"line":74,"column":57},"end":{"line":74,"column":60}},{"start":{"line":74,"column":63},"end":{"line":74,"column":107}}]},"15":{"loc":{"start":{"line":87,"column":22},"end":{"line":87,"column":128}},"type":"cond-expr","locations":[{"start":{"line":87,"column":57},"end":{"line":87,"column":60}},{"start":{"line":87,"column":63},"end":{"line":87,"column":128}}]},"16":{"loc":{"start":{"line":87,"column":84},"end":{"line":87,"column":127}},"type":"binary-expr","locations":[{"start":{"line":87,"column":84},"end":{"line":87,"column":96}},{"start":{"line":87,"column":100},"end":{"line":87,"column":127}}]},"17":{"loc":{"start":{"line":99,"column":22},"end":{"line":99,"column":110}},"type":"cond-expr","locations":[{"start":{"line":99,"column":57},"end":{"line":99,"column":60}},{"start":{"line":99,"column":63},"end":{"line":99,"column":110}}]},"18":{"loc":{"start":{"line":111,"column":22},"end":{"line":111,"column":107}},"type":"cond-expr","locations":[{"start":{"line":111,"column":57},"end":{"line":111,"column":60}},{"start":{"line":111,"column":63},"end":{"line":111,"column":107}}]},"19":{"loc":{"start":{"line":122,"column":22},"end":{"line":122,"column":116}},"type":"cond-expr","locations":[{"start":{"line":122,"column":57},"end":{"line":122,"column":60}},{"start":{"line":122,"column":63},"end":{"line":122,"column":116}}]}},"s":{"0":1,"1":1,"2":1,"3":6,"4":3,"5":1,"6":2,"7":0,"8":2,"9":7,"10":7,"11":0,"12":7,"13":3,"14":3,"15":2,"16":2,"17":1,"18":1,"19":3,"20":3,"21":3,"22":3,"23":3,"24":3,"25":2,"26":3,"27":3,"28":1,"29":3,"30":3,"31":1,"32":3,"33":2,"34":1,"35":1,"36":2,"37":2,"38":2,"39":0,"40":2,"41":2,"42":0,"43":0,"44":0,"45":0,"46":0,"47":0,"48":0,"49":1,"50":1,"51":1,"52":1,"53":0,"54":0,"55":2,"56":2,"57":2,"58":1,"59":1,"60":1,"61":2,"62":2,"63":2,"64":1,"65":1,"66":1,"67":1,"68":1},"f":{"0":6,"1":3,"2":7,"3":3,"4":3,"5":2,"6":0,"7":1,"8":2,"9":2},"b":{"0":[3,3],"1":[6,3],"2":[1,2],"3":[0,2],"4":[0,7],"5":[7,7],"6":[0,1],"7":[1,0],"8":[3,2],"9":[3,1],"10":[2,1],"11":[1,2],"12":[1,2],"13":[0,1],"14":[1,1],"15":[0,0],"16":[0,0],"17":[0,0],"18":[0,1],"19":[0,1]}}
,"C:\\Users\\joshe\\Desktop\\Taller Node\\latest\\nodejs-nexus\\src\\modules\\ticket\\ticket.routes.ts": {"path":"C:\\Users\\joshe\\Desktop\\Taller Node\\latest\\nodejs-nexus\\src\\modules\\ticket\\ticket.routes.ts","statementMap":{"0":{"start":{"line":1,"column":0},"end":{"line":1,"column":33}},"1":{"start":{"line":2,"column":0},"end":{"line":2,"column":45}},"2":{"start":{"line":4,"column":15},"end":{"line":4,"column":23}},"3":{"start":{"line":5,"column":13},"end":{"line":5,"column":23}},"4":{"start":{"line":8,"column":0},"end":{"line":8,"column":42}},"5":{"start":{"line":9,"column":0},"end":{"line":9,"column":39}},"6":{"start":{"line":10,"column":0},"end":{"line":10,"column":46}},"7":{"start":{"line":11,"column":0},"end":{"line":11,"column":45}},"8":{"start":{"line":12,"column":0},"end":{"line":12,"column":48}},"9":{"start":{"line":15,"column":0},"end":{"line":15,"column":70}},"10":{"start":{"line":16,"column":0},"end":{"line":16,"column":61}},"11":{"start":{"line":18,"column":0},"end":{"line":18,"column":22}}},"fnMap":{},"branchMap":{},"s":{"0":1,"1":1,"2":1,"3":1,"4":1,"5":1,"6":1,"7":1,"8":1,"9":1,"10":1,"11":1},"f":{},"b":{}}
,"C:\\Users\\joshe\\Desktop\\Taller Node\\latest\\nodejs-nexus\\src\\modules\\ticket\\ticket.service.ts": {"path":"C:\\Users\\joshe\\Desktop\\Taller Node\\latest\\nodejs-nexus\\src\\modules\\ticket\\ticket.service.ts","statementMap":{"0":{"start":{"line":1,"column":0},"end":{"line":1,"column":28}},"1":{"start":{"line":2,"column":0},"end":{"line":2,"column":32}},"2":{"start":{"line":3,"column":0},"end":{"line":3,"column":42}},"3":{"start":{"line":4,"column":0},"end":{"line":4,"column":66}},"4":{"start":{"line":7,"column":2},"end":{"line":7,"column":47}},"5":{"start":{"line":10,"column":2},"end":{"line":10,"column":79}},"6":{"start":{"line":31,"column":16},"end":{"line":40,"column":6}},"7":{"start":{"line":41,"column":4},"end":{"line":41,"column":44}},"8":{"start":{"line":45,"column":17},"end":{"line":45,"column":52}},"9":{"start":{"line":46,"column":18},"end":{"line":46,"column":70}},"10":{"start":{"line":47,"column":24},"end":{"line":47,"column":26}},"11":{"start":{"line":48,"column":4},"end":{"line":51,"column":5}},"12":{"start":{"line":49,"column":6},"end":{"line":49,"column":98}},"13":{"start":{"line":49,"column":51},"end":{"line":49,"column":98}},"14":{"start":{"line":50,"column":6},"end":{"line":50,"column":65}},"15":{"start":{"line":52,"column":4},"end":{"line":55,"column":5}},"16":{"start":{"line":53,"column":6},"end":{"line":53,"column":96}},"17":{"start":{"line":53,"column":50},"end":{"line":53,"column":96}},"18":{"start":{"line":54,"column":6},"end":{"line":54,"column":63}},"19":{"start":{"line":56,"column":4},"end":{"line":56,"column":63}},"20":{"start":{"line":56,"column":37},"end":{"line":56,"column":63}},"21":{"start":{"line":57,"column":4},"end":{"line":57,"column":65}},"22":{"start":{"line":57,"column":38},"end":{"line":57,"column":65}},"23":{"start":{"line":59,"column":27},"end":{"line":62,"column":6}},"24":{"start":{"line":63,"column":4},"end":{"line":63,"column":41}},"25":{"start":{"line":67,"column":4},"end":{"line":67,"column":81}},"26":{"start":{"line":67,"column":39},"end":{"line":67,"column":81}},"27":{"start":{"line":68,"column":16},"end":{"line":68,"column":53}},"28":{"start":{"line":69,"column":4},"end":{"line":69,"column":65}},"29":{"start":{"line":69,"column":14},"end":{"line":69,"column":65}},"30":{"start":{"line":70,"column":4},"end":{"line":70,"column":33}},"31":{"start":{"line":80,"column":4},"end":{"line":80,"column":81}},"32":{"start":{"line":80,"column":39},"end":{"line":80,"column":81}},"33":{"start":{"line":82,"column":22},"end":{"line":82,"column":24}},"34":{"start":{"line":83,"column":4},"end":{"line":86,"column":5}},"35":{"start":{"line":84,"column":6},"end":{"line":84,"column":97}},"36":{"start":{"line":84,"column":51},"end":{"line":84,"column":97}},"37":{"start":{"line":85,"column":6},"end":{"line":85,"column":62}},"38":{"start":{"line":87,"column":4},"end":{"line":87,"column":91}},"39":{"start":{"line":87,"column":38},"end":{"line":87,"column":91}},"40":{"start":{"line":88,"column":4},"end":{"line":92,"column":5}},"41":{"start":{"line":89,"column":16},"end":{"line":89,"column":35}},"42":{"start":{"line":90,"column":6},"end":{"line":90,"column":85}},"43":{"start":{"line":90,"column":40},"end":{"line":90,"column":85}},"44":{"start":{"line":91,"column":6},"end":{"line":91,"column":21}},"45":{"start":{"line":93,"column":4},"end":{"line":93,"column":80}},"46":{"start":{"line":93,"column":41},"end":{"line":93,"column":80}},"47":{"start":{"line":95,"column":4},"end":{"line":101,"column":5}},"48":{"start":{"line":96,"column":6},"end":{"line":100,"column":7}},"49":{"start":{"line":96,"column":33},"end":{"line":96,"column":57}},"50":{"start":{"line":98,"column":8},"end":{"line":98,"column":99}},"51":{"start":{"line":98,"column":53},"end":{"line":98,"column":99}},"52":{"start":{"line":99,"column":8},"end":{"line":99,"column":64}},"53":{"start":{"line":103,"column":20},"end":{"line":107,"column":12}},"54":{"start":{"line":109,"column":4},"end":{"line":109,"column":69}},"55":{"start":{"line":109,"column":18},"end":{"line":109,"column":69}},"56":{"start":{"line":110,"column":4},"end":{"line":110,"column":37}},"57":{"start":{"line":114,"column":4},"end":{"line":114,"column":81}},"58":{"start":{"line":114,"column":39},"end":{"line":114,"column":81}},"59":{"start":{"line":115,"column":16},"end":{"line":115,"column":62}},"60":{"start":{"line":116,"column":4},"end":{"line":116,"column":65}},"61":{"start":{"line":116,"column":14},"end":{"line":116,"column":65}},"62":{"start":{"line":117,"column":4},"end":{"line":117,"column":24}},"63":{"start":{"line":121,"column":16},"end":{"line":121,"column":64}},"64":{"start":{"line":122,"column":4},"end":{"line":122,"column":65}},"65":{"start":{"line":122,"column":14},"end":{"line":122,"column":65}},"66":{"start":{"line":123,"column":4},"end":{"line":123,"column":33}},"67":{"start":{"line":127,"column":20},"end":{"line":131,"column":12}},"68":{"start":{"line":132,"column":4},"end":{"line":132,"column":78}},"69":{"start":{"line":132,"column":18},"end":{"line":132,"column":78}},"70":{"start":{"line":133,"column":4},"end":{"line":133,"column":37}},"71":{"start":{"line":21,"column":0},"end":{"line":21,"column":13}},"72":{"start":{"line":137,"column":0},"end":{"line":137,"column":35}}},"fnMap":{"0":{"name":"genCode","decl":{"start":{"line":6,"column":9},"end":{"line":6,"column":16}},"loc":{"start":{"line":6,"column":16},"end":{"line":8,"column":1}}},"1":{"name":"genQrHash","decl":{"start":{"line":9,"column":9},"end":{"line":9,"column":18}},"loc":{"start":{"line":9,"column":18},"end":{"line":11,"column":1}}},"2":{"name":"(anonymous_3)","decl":{"start":{"line":22,"column":2},"end":{"line":22,"column":7}},"loc":{"start":{"line":30,"column":3},"end":{"line":42,"column":3}}},"3":{"name":"(anonymous_4)","decl":{"start":{"line":44,"column":2},"end":{"line":44,"column":7}},"loc":{"start":{"line":44,"column":27},"end":{"line":64,"column":3}}},"4":{"name":"(anonymous_5)","decl":{"start":{"line":66,"column":2},"end":{"line":66,"column":7}},"loc":{"start":{"line":66,"column":26},"end":{"line":71,"column":3}}},"5":{"name":"(anonymous_6)","decl":{"start":{"line":73,"column":2},"end":{"line":73,"column":7}},"loc":{"start":{"line":79,"column":3},"end":{"line":111,"column":3}}},"6":{"name":"(anonymous_7)","decl":{"start":{"line":113,"column":2},"end":{"line":113,"column":7}},"loc":{"start":{"line":113,"column":25},"end":{"line":118,"column":3}}},"7":{"name":"(anonymous_8)","decl":{"start":{"line":120,"column":2},"end":{"line":120,"column":7}},"loc":{"start":{"line":120,"column":41},"end":{"line":124,"column":3}}},"8":{"name":"(anonymous_9)","decl":{"start":{"line":126,"column":2},"end":{"line":126,"column":7}},"loc":{"start":{"line":126,"column":36},"end":{"line":134,"column":3}}}},"branchMap":{"0":{"loc":{"start":{"line":32,"column":18},"end":{"line":32,"column":49}},"type":"binary-expr","locations":[{"start":{"line":32,"column":18},"end":{"line":32,"column":36}},{"start":{"line":32,"column":40},"end":{"line":32,"column":49}}]},"1":{"loc":{"start":{"line":33,"column":18},"end":{"line":33,"column":51}},"type":"binary-expr","locations":[{"start":{"line":33,"column":18},"end":{"line":33,"column":36}},{"start":{"line":33,"column":40},"end":{"line":33,"column":51}}]},"2":{"loc":{"start":{"line":39,"column":14},"end":{"line":39,"column":86}},"type":"cond-expr","locations":[{"start":{"line":39,"column":31},"end":{"line":39,"column":74}},{"start":{"line":39,"column":77},"end":{"line":39,"column":86}}]},"3":{"loc":{"start":{"line":45,"column":36},"end":{"line":45,"column":50}},"type":"binary-expr","locations":[{"start":{"line":45,"column":36},"end":{"line":45,"column":45}},{"start":{"line":45,"column":49},"end":{"line":45,"column":50}}]},"4":{"loc":{"start":{"line":46,"column":51},"end":{"line":46,"column":67}},"type":"binary-expr","locations":[{"start":{"line":46,"column":51},"end":{"line":46,"column":61}},{"start":{"line":46,"column":65},"end":{"line":46,"column":67}}]},"5":{"loc":{"start":{"line":48,"column":4},"end":{"line":51,"column":5}},"type":"if","locations":[{"start":{"line":48,"column":4},"end":{"line":51,"column":5}},{"start":{},"end":{}}]},"6":{"loc":{"start":{"line":49,"column":6},"end":{"line":49,"column":98}},"type":"if","locations":[{"start":{"line":49,"column":6},"end":{"line":49,"column":98}},{"start":{},"end":{}}]},"7":{"loc":{"start":{"line":52,"column":4},"end":{"line":55,"column":5}},"type":"if","locations":[{"start":{"line":52,"column":4},"end":{"line":55,"column":5}},{"start":{},"end":{}}]},"8":{"loc":{"start":{"line":53,"column":6},"end":{"line":53,"column":96}},"type":"if","locations":[{"start":{"line":53,"column":6},"end":{"line":53,"column":96}},{"start":{},"end":{}}]},"9":{"loc":{"start":{"line":56,"column":4},"end":{"line":56,"column":63}},"type":"if","locations":[{"start":{"line":56,"column":4},"end":{"line":56,"column":63}},{"start":{},"end":{}}]},"10":{"loc":{"start":{"line":57,"column":4},"end":{"line":57,"column":65}},"type":"if","locations":[{"start":{"line":57,"column":4},"end":{"line":57,"column":65}},{"start":{},"end":{}}]},"11":{"loc":{"start":{"line":67,"column":4},"end":{"line":67,"column":81}},"type":"if","locations":[{"start":{"line":67,"column":4},"end":{"line":67,"column":81}},{"start":{},"end":{}}]},"12":{"loc":{"start":{"line":69,"column":4},"end":{"line":69,"column":65}},"type":"if","locations":[{"start":{"line":69,"column":4},"end":{"line":69,"column":65}},{"start":{},"end":{}}]},"13":{"loc":{"start":{"line":80,"column":4},"end":{"line":80,"column":81}},"type":"if","locations":[{"start":{"line":80,"column":4},"end":{"line":80,"column":81}},{"start":{},"end":{}}]},"14":{"loc":{"start":{"line":83,"column":4},"end":{"line":86,"column":5}},"type":"if","locations":[{"start":{"line":83,"column":4},"end":{"line":86,"column":5}},{"start":{},"end":{}}]},"15":{"loc":{"start":{"line":84,"column":6},"end":{"line":84,"column":97}},"type":"if","locations":[{"start":{"line":84,"column":6},"end":{"line":84,"column":97}},{"start":{},"end":{}}]},"16":{"loc":{"start":{"line":87,"column":4},"end":{"line":87,"column":91}},"type":"if","locations":[{"start":{"line":87,"column":4},"end":{"line":87,"column":91}},{"start":{},"end":{}}]},"17":{"loc":{"start":{"line":88,"column":4},"end":{"line":92,"column":5}},"type":"if","locations":[{"start":{"line":88,"column":4},"end":{"line":92,"column":5}},{"start":{},"end":{}}]},"18":{"loc":{"start":{"line":90,"column":6},"end":{"line":90,"column":85}},"type":"if","locations":[{"start":{"line":90,"column":6},"end":{"line":90,"column":85}},{"start":{},"end":{}}]},"19":{"loc":{"start":{"line":90,"column":10},"end":{"line":90,"column":38}},"type":"binary-expr","locations":[{"start":{"line":90,"column":10},"end":{"line":90,"column":29}},{"start":{"line":90,"column":33},"end":{"line":90,"column":38}}]},"20":{"loc":{"start":{"line":93,"column":4},"end":{"line":93,"column":80}},"type":"if","locations":[{"start":{"line":93,"column":4},"end":{"line":93,"column":80}},{"start":{},"end":{}}]},"21":{"loc":{"start":{"line":95,"column":4},"end":{"line":101,"column":5}},"type":"if","locations":[{"start":{"line":95,"column":4},"end":{"line":101,"column":5}},{"start":{},"end":{}}]},"22":{"loc":{"start":{"line":96,"column":6},"end":{"line":100,"column":7}},"type":"if","locations":[{"start":{"line":96,"column":6},"end":{"line":100,"column":7}},{"start":{"line":97,"column":11},"end":{"line":100,"column":7}}]},"23":{"loc":{"start":{"line":98,"column":8},"end":{"line":98,"column":99}},"type":"if","locations":[{"start":{"line":98,"column":8},"end":{"line":98,"column":99}},{"start":{},"end":{}}]},"24":{"loc":{"start":{"line":109,"column":4},"end":{"line":109,"column":69}},"type":"if","locations":[{"start":{"line":109,"column":4},"end":{"line":109,"column":69}},{"start":{},"end":{}}]},"25":{"loc":{"start":{"line":114,"column":4},"end":{"line":114,"column":81}},"type":"if","locations":[{"start":{"line":114,"column":4},"end":{"line":114,"column":81}},{"start":{},"end":{}}]},"26":{"loc":{"start":{"line":116,"column":4},"end":{"line":116,"column":65}},"type":"if","locations":[{"start":{"line":116,"column":4},"end":{"line":116,"column":65}},{"start":{},"end":{}}]},"27":{"loc":{"start":{"line":122,"column":4},"end":{"line":122,"column":65}},"type":"if","locations":[{"start":{"line":122,"column":4},"end":{"line":122,"column":65}},{"start":{},"end":{}}]},"28":{"loc":{"start":{"line":132,"column":4},"end":{"line":132,"column":78}},"type":"if","locations":[{"start":{"line":132,"column":4},"end":{"line":132,"column":78}},{"start":{},"end":{}}]}},"s":{"0":1,"1":1,"2":1,"3":1,"4":1,"5":1,"6":2,"7":2,"8":5,"9":5,"10":5,"11":5,"12":1,"13":1,"14":0,"15":4,"16":1,"17":1,"18":0,"19":3,"20":1,"21":3,"22":1,"23":3,"24":3,"25":2,"26":1,"27":1,"28":1,"29":0,"30":1,"31":6,"32":0,"33":6,"34":6,"35":1,"36":1,"37":0,"38":5,"39":2,"40":5,"41":1,"42":1,"43":1,"44":0,"45":4,"46":0,"47":4,"48":2,"49":1,"50":1,"51":1,"52":0,"53":3,"54":3,"55":1,"56":2,"57":2,"58":0,"59":2,"60":2,"61":1,"62":1,"63":1,"64":1,"65":1,"66":0,"67":2,"68":2,"69":1,"70":1,"71":1,"72":1},"f":{"0":1,"1":1,"2":2,"3":5,"4":2,"5":6,"6":2,"7":1,"8":2},"b":{"0":[2,1],"1":[2,1],"2":[1,1],"3":[5,4],"4":[5,4],"5":[1,4],"6":[1,0],"7":[1,3],"8":[1,0],"9":[1,2],"10":[1,2],"11":[1,1],"12":[0,1],"13":[0,6],"14":[1,5],"15":[1,0],"16":[2,3],"17":[1,4],"18":[1,0],"19":[1,1],"20":[0,4],"21":[2,2],"22":[1,1],"23":[1,0],"24":[1,2],"25":[0,2],"26":[1,1],"27":[1,0],"28":[1,1]}}
,"C:\\Users\\joshe\\Desktop\\Taller Node\\latest\\nodejs-nexus\\src\\modules\\ticket\\dto\\index.ts": {"path":"C:\\Users\\joshe\\Desktop\\Taller Node\\latest\\nodejs-nexus\\src\\modules\\ticket\\dto\\index.ts","statementMap":{"0":{"start":{"line":21,"column":0},"end":{"line":21,"column":16}},"1":{"start":{"line":30,"column":0},"end":{"line":30,"column":16}},"2":{"start":{"line":22,"column":2},"end":{"line":22,"column":77}},"3":{"start":{"line":22,"column":41},"end":{"line":22,"column":77}},"4":{"start":{"line":23,"column":2},"end":{"line":23,"column":94}},"5":{"start":{"line":23,"column":57},"end":{"line":23,"column":94}},"6":{"start":{"line":24,"column":2},"end":{"line":24,"column":91}},"7":{"start":{"line":24,"column":55},"end":{"line":24,"column":91}},"8":{"start":{"line":25,"column":2},"end":{"line":25,"column":97}},"9":{"start":{"line":25,"column":59},"end":{"line":25,"column":97}},"10":{"start":{"line":26,"column":12},"end":{"line":26,"column":30}},"11":{"start":{"line":27,"column":2},"end":{"line":27,"column":70}},"12":{"start":{"line":27,"column":36},"end":{"line":27,"column":70}},"13":{"start":{"line":31,"column":31},"end":{"line":31,"column":33}},"14":{"start":{"line":32,"column":2},"end":{"line":32,"column":52}},"15":{"start":{"line":32,"column":41},"end":{"line":32,"column":52}},"16":{"start":{"line":34,"column":2},"end":{"line":34,"column":64}},"17":{"start":{"line":34,"column":39},"end":{"line":34,"column":64}},"18":{"start":{"line":35,"column":2},"end":{"line":35,"column":70}},"19":{"start":{"line":35,"column":41},"end":{"line":35,"column":70}},"20":{"start":{"line":36,"column":2},"end":{"line":40,"column":3}},"21":{"start":{"line":37,"column":14},"end":{"line":37,"column":32}},"22":{"start":{"line":38,"column":4},"end":{"line":38,"column":72}},"23":{"start":{"line":38,"column":38},"end":{"line":38,"column":72}},"24":{"start":{"line":39,"column":4},"end":{"line":39,"column":18}},"25":{"start":{"line":41,"column":2},"end":{"line":41,"column":80}},"26":{"start":{"line":41,"column":45},"end":{"line":41,"column":80}},"27":{"start":{"line":43,"column":2},"end":{"line":44,"column":69}},"28":{"start":{"line":43,"column":28},"end":{"line":43,"column":46}},"29":{"start":{"line":44,"column":7},"end":{"line":44,"column":69}},"30":{"start":{"line":44,"column":44},"end":{"line":44,"column":69}},"31":{"start":{"line":46,"column":2},"end":{"line":46,"column":13}}},"fnMap":{"0":{"name":"assertCreateTicketDTO","decl":{"start":{"line":21,"column":16},"end":{"line":21,"column":37}},"loc":{"start":{"line":21,"column":47},"end":{"line":28,"column":1}}},"1":{"name":"sanitizeUpdateTicketDTO","decl":{"start":{"line":30,"column":16},"end":{"line":30,"column":39}},"loc":{"start":{"line":30,"column":49},"end":{"line":47,"column":1}}}},"branchMap":{"0":{"loc":{"start":{"line":22,"column":2},"end":{"line":22,"column":77}},"type":"if","locations":[{"start":{"line":22,"column":2},"end":{"line":22,"column":77}},{"start":{},"end":{}}]},"1":{"loc":{"start":{"line":22,"column":6},"end":{"line":22,"column":39}},"type":"binary-expr","locations":[{"start":{"line":22,"column":6},"end":{"line":22,"column":11}},{"start":{"line":22,"column":15},"end":{"line":22,"column":39}}]},"2":{"loc":{"start":{"line":23,"column":2},"end":{"line":23,"column":94}},"type":"if","locations":[{"start":{"line":23,"column":2},"end":{"line":23,"column":94}},{"start":{},"end":{}}]},"3":{"loc":{"start":{"line":23,"column":6},"end":{"line":23,"column":55}},"type":"binary-expr","locations":[{"start":{"line":23,"column":6},"end":{"line":23,"column":19}},{"start":{"line":23,"column":23},"end":{"line":23,"column":55}}]},"4":{"loc":{"start":{"line":24,"column":2},"end":{"line":24,"column":91}},"type":"if","locations":[{"start":{"line":24,"column":2},"end":{"line":24,"column":91}},{"start":{},"end":{}}]},"5":{"loc":{"start":{"line":24,"column":6},"end":{"line":24,"column":53}},"type":"binary-expr","locations":[{"start":{"line":24,"column":6},"end":{"line":24,"column":18}},{"start":{"line":24,"column":22},"end":{"line":24,"column":53}}]},"6":{"loc":{"start":{"line":25,"column":2},"end":{"line":25,"column":97}},"type":"if","locations":[{"start":{"line":25,"column":2},"end":{"line":25,"column":97}},{"start":{},"end":{}}]},"7":{"loc":{"start":{"line":25,"column":6},"end":{"line":25,"column":57}},"type":"binary-expr","locations":[{"start":{"line":25,"column":6},"end":{"line":25,"column":20}},{"start":{"line":25,"column":24},"end":{"line":25,"column":57}}]},"8":{"loc":{"start":{"line":27,"column":2},"end":{"line":27,"column":70}},"type":"if","locations":[{"start":{"line":27,"column":2},"end":{"line":27,"column":70}},{"start":{},"end":{}}]},"9":{"loc":{"start":{"line":27,"column":6},"end":{"line":27,"column":34}},"type":"binary-expr","locations":[{"start":{"line":27,"column":6},"end":{"line":27,"column":25}},{"start":{"line":27,"column":29},"end":{"line":27,"column":34}}]},"10":{"loc":{"start":{"line":32,"column":2},"end":{"line":32,"column":52}},"type":"if","locations":[{"start":{"line":32,"column":2},"end":{"line":32,"column":52}},{"start":{},"end":{}}]},"11":{"loc":{"start":{"line":32,"column":6},"end":{"line":32,"column":39}},"type":"binary-expr","locations":[{"start":{"line":32,"column":6},"end":{"line":32,"column":11}},{"start":{"line":32,"column":15},"end":{"line":32,"column":39}}]},"12":{"loc":{"start":{"line":34,"column":2},"end":{"line":34,"column":64}},"type":"if","locations":[{"start":{"line":34,"column":2},"end":{"line":34,"column":64}},{"start":{},"end":{}}]},"13":{"loc":{"start":{"line":35,"column":2},"end":{"line":35,"column":70}},"type":"if","locations":[{"start":{"line":35,"column":2},"end":{"line":35,"column":70}},{"start":{},"end":{}}]},"14":{"loc":{"start":{"line":36,"column":2},"end":{"line":40,"column":3}},"type":"if","locations":[{"start":{"line":36,"column":2},"end":{"line":40,"column":3}},{"start":{},"end":{}}]},"15":{"loc":{"start":{"line":38,"column":4},"end":{"line":38,"column":72}},"type":"if","locations":[{"start":{"line":38,"column":4},"end":{"line":38,"column":72}},{"start":{},"end":{}}]},"16":{"loc":{"start":{"line":38,"column":8},"end":{"line":38,"column":36}},"type":"binary-expr","locations":[{"start":{"line":38,"column":8},"end":{"line":38,"column":27}},{"start":{"line":38,"column":31},"end":{"line":38,"column":36}}]},"17":{"loc":{"start":{"line":41,"column":2},"end":{"line":41,"column":80}},"type":"if","locations":[{"start":{"line":41,"column":2},"end":{"line":41,"column":80}},{"start":{},"end":{}}]},"18":{"loc":{"start":{"line":43,"column":2},"end":{"line":44,"column":69}},"type":"if","locations":[{"start":{"line":43,"column":2},"end":{"line":44,"column":69}},{"start":{"line":44,"column":7},"end":{"line":44,"column":69}}]},"19":{"loc":{"start":{"line":44,"column":7},"end":{"line":44,"column":69}},"type":"if","locations":[{"start":{"line":44,"column":7},"end":{"line":44,"column":69}},{"start":{},"end":{}}]}},"s":{"0":2,"1":2,"2":8,"3":0,"4":8,"5":2,"6":6,"7":1,"8":5,"9":1,"10":4,"11":4,"12":1,"13":4,"14":4,"15":1,"16":3,"17":1,"18":3,"19":1,"20":3,"21":2,"22":2,"23":1,"24":1,"25":2,"26":1,"27":2,"28":1,"29":1,"30":1,"31":2},"f":{"0":8,"1":4},"b":{"0":[0,8],"1":[8,8],"2":[2,6],"3":[8,6],"4":[1,5],"5":[6,5],"6":[1,4],"7":[5,4],"8":[1,3],"9":[4,4],"10":[1,3],"11":[4,3],"12":[1,2],"13":[1,2],"14":[2,1],"15":[1,1],"16":[2,2],"17":[1,1],"18":[1,1],"19":[1,0]}}
}
