TN:
SF:src\modules\auth\auth.controller.ts
FN:8,(anonymous_0)
FN:10,(anonymous_1)
FN:24,(anonymous_2)
FN:35,(anonymous_3)
FN:52,(anonymous_4)
FN:56,(anonymous_5)
FNF:6
FNH:5
FNDA:1,(anonymous_0)
FNDA:1,(anonymous_1)
FNDA:1,(anonymous_2)
FNDA:1,(anonymous_3)
FNDA:1,(anonymous_4)
FNDA:0,(anonymous_5)
DA:1,1
DA:2,1
DA:3,1
DA:8,1
DA:11,1
DA:12,1
DA:13,1
DA:18,1
DA:20,0
DA:25,1
DA:26,1
DA:29,1
DA:31,0
DA:36,1
DA:37,1
DA:38,1
DA:39,0
DA:45,1
DA:46,1
DA:48,0
DA:53,1
DA:57,0
DA:58,0
DA:64,0
DA:66,0
DA:67,0
DA:73,1
DA:74,1
DA:75,1
LF:29
LH:20
BRDA:38,0,0,0
BRDA:38,0,1,1
BRDA:57,1,0,0
BRDA:57,1,1,0
BRF:4
BRH:1
end_of_record
TN:
SF:src\modules\auth\auth.service.ts
FN:11,(anonymous_1)
FN:13,(anonymous_2)
FN:17,(anonymous_3)
FN:37,(anonymous_4)
FN:64,(anonymous_5)
FN:75,(anonymous_6)
FNF:6
FNH:6
FNDA:4,(anonymous_1)
FNDA:1,(anonymous_2)
FNDA:1,(anonymous_3)
FNDA:2,(anonymous_4)
FNDA:1,(anonymous_5)
FNDA:1,(anonymous_6)
DA:1,2
DA:2,2
DA:8,2
DA:10,2
DA:11,4
DA:14,1
DA:20,1
DA:24,1
DA:28,0
DA:31,1
DA:32,1
DA:34,1
DA:38,2
DA:39,2
DA:40,2
DA:42,1
DA:44,1
DA:48,1
DA:54,1
DA:56,1
DA:65,1
DA:66,1
DA:68,1
DA:72,1
DA:76,1
DA:77,1
DA:79,1
DA:83,1
LF:28
LH:27
BRDA:24,0,0,0
BRDA:24,0,1,1
BRDA:25,1,0,1
BRDA:25,1,1,1
BRF:4
BRH:3
end_of_record
TN:
SF:src\modules\auth\middlewares\authentication.middleware.ts
FN:16,(anonymous_1)
FNF:1
FNH:1
FNDA:1,(anonymous_1)
DA:1,1
DA:2,1
DA:3,1
DA:14,1
DA:16,1
DA:21,1
DA:23,1
DA:24,0
DA:33,1
DA:35,1
DA:36,1
DA:40,1
DA:41,1
DA:42,0
DA:45,1
DA:46,1
DA:48,0
DA:49,0
DA:51,0
LF:19
LH:14
BRDA:23,0,0,0
BRDA:23,0,1,1
BRDA:23,1,0,1
BRDA:23,1,1,1
BRDA:41,2,0,0
BRDA:41,2,1,1
BRDA:48,3,0,0
BRDA:48,3,1,0
BRF:8
BRH:4
end_of_record
TN:
SF:src\modules\auth\middlewares\authorization.middleware.ts
FN:5,(anonymous_0)
FN:6,(anonymous_1)
FN:29,(anonymous_2)
FN:30,(anonymous_3)
FNF:4
FNH:4
FNDA:3,(anonymous_0)
FNDA:3,(anonymous_1)
FNDA:3,(anonymous_2)
FNDA:3,(anonymous_3)
DA:2,1
DA:5,1
DA:6,3
DA:7,3
DA:8,1
DA:13,2
DA:15,2
DA:16,1
DA:25,1
DA:29,1
DA:30,3
DA:31,3
DA:32,1
DA:37,2
DA:39,2
DA:40,1
DA:49,1
LF:17
LH:17
BRDA:7,0,0,1
BRDA:7,0,1,2
BRDA:15,1,0,1
BRDA:15,1,1,1
BRDA:31,2,0,1
BRDA:31,2,1,2
BRDA:39,3,0,1
BRDA:39,3,1,1
BRF:8
BRH:8
end_of_record
TN:
SF:src\modules\event\event.controller.ts
FN:10,(anonymous_0)
FN:20,(anonymous_1)
FN:30,(anonymous_2)
FN:39,(anonymous_3)
FN:48,(anonymous_4)
FN:72,(anonymous_5)
FN:92,(anonymous_6)
FNF:7
FNH:7
FNDA:1,(anonymous_0)
FNDA:2,(anonymous_1)
FNDA:1,(anonymous_2)
FNDA:1,(anonymous_3)
FNDA:3,(anonymous_4)
FNDA:2,(anonymous_5)
FNDA:3,(anonymous_6)
DA:2,10
DA:3,10
DA:7,10
DA:11,1
DA:12,1
DA:13,1
DA:14,1
DA:16,0
DA:21,2
DA:22,2
DA:23,2
DA:24,1
DA:26,1
DA:31,1
DA:32,1
DA:33,1
DA:35,0
DA:40,1
DA:41,1
DA:42,1
DA:44,0
DA:49,3
DA:50,3
DA:51,3
DA:52,3
DA:54,3
DA:55,3
DA:57,3
DA:58,1
DA:61,2
DA:62,1
DA:65,2
DA:66,2
DA:68,1
DA:73,2
DA:74,2
DA:75,2
DA:76,2
DA:78,2
DA:79,2
DA:81,2
DA:82,1
DA:85,1
DA:86,1
DA:88,1
DA:93,3
DA:94,2
DA:97,2
DA:99,1
DA:100,1
DA:106,10
LF:51
LH:48
BRDA:22,0,0,0
BRDA:22,0,1,2
BRDA:57,1,0,1
BRDA:57,1,1,2
BRDA:57,2,0,3
BRDA:57,2,1,2
BRDA:61,3,0,1
BRDA:61,3,1,1
BRDA:61,4,0,2
BRDA:61,4,1,2
BRDA:81,5,0,1
BRDA:81,5,1,1
BRDA:81,6,0,2
BRDA:81,6,1,1
BRDA:93,7,0,2
BRDA:93,7,1,1
BRF:16
BRH:15
end_of_record
TN:
SF:src\modules\event\event.routes.ts
FNF:0
FNH:0
DA:1,10
DA:2,10
DA:3,10
DA:4,10
DA:6,10
DA:9,10
DA:10,10
DA:13,10
DA:16,10
DA:24,10
DA:32,10
DA:39,10
LF:12
LH:12
BRF:0
BRH:0
end_of_record
TN:
SF:src\modules\event\event.service.ts
FN:29,(anonymous_1)
FN:46,(anonymous_2)
FN:87,(anonymous_3)
FN:100,(anonymous_4)
FN:113,(anonymous_5)
FN:127,(anonymous_6)
FNF:6
FNH:5
FNDA:1,(anonymous_1)
FNDA:3,(anonymous_2)
FNDA:2,(anonymous_3)
FNDA:0,(anonymous_4)
FNDA:2,(anonymous_5)
FNDA:3,(anonymous_6)
DA:1,1
DA:2,1
DA:6,1
DA:8,1
DA:21,1
DA:30,1
DA:35,1
DA:36,1
DA:47,3
DA:48,3
DA:51,3
DA:52,1
DA:53,2
DA:54,1
DA:58,3
DA:59,1
DA:61,3
DA:62,1
DA:64,3
DA:65,1
DA:67,3
DA:68,1
DA:69,1
DA:70,1
DA:73,3
DA:88,2
DA:89,2
DA:90,1
DA:92,1
DA:101,0
DA:114,2
DA:115,2
DA:116,1
DA:118,1
DA:128,3
DA:130,3
DA:131,1
DA:134,2
DA:135,2
DA:136,1
LF:40
LH:39
BRDA:47,0,0,2
BRDA:47,1,0,2
BRDA:51,2,0,1
BRDA:51,2,1,2
BRDA:51,3,0,3
BRDA:51,3,1,3
BRDA:53,4,0,1
BRDA:53,4,1,1
BRDA:58,5,0,1
BRDA:58,5,1,2
BRDA:61,6,0,1
BRDA:61,6,1,2
BRDA:64,7,0,1
BRDA:64,7,1,2
BRDA:67,8,0,1
BRDA:67,8,1,2
BRDA:67,9,0,3
BRDA:67,9,1,2
BRDA:69,10,0,1
BRDA:69,10,1,0
BRDA:70,11,0,1
BRDA:70,11,1,0
BRDA:89,12,0,1
BRDA:89,12,1,1
BRDA:115,13,0,1
BRDA:115,13,1,1
BRDA:130,14,0,1
BRDA:130,14,1,2
BRDA:135,15,0,1
BRDA:135,15,1,1
BRF:30
BRH:28
end_of_record
TN:
SF:src\modules\purchase\purchase.controller.ts
FN:7,(anonymous_0)
FN:17,(anonymous_1)
FNF:2
FNH:2
FNDA:2,(anonymous_0)
FNDA:1,(anonymous_1)
DA:2,1
DA:3,1
DA:8,2
DA:9,2
DA:10,2
DA:11,1
DA:13,1
DA:18,1
DA:19,0
DA:22,0
DA:24,1
DA:25,1
DA:31,1
LF:13
LH:11
BRDA:18,0,0,0
BRDA:18,0,1,1
BRF:2
BRH:1
end_of_record
TN:
SF:src\modules\purchase\purchase.routes.ts
FNF:0
FNH:0
DA:1,1
DA:2,1
DA:3,1
DA:4,1
DA:6,1
DA:8,1
DA:15,1
LF:7
LH:7
BRF:0
BRH:0
end_of_record
TN:
SF:src\modules\purchase\purchase.service.ts
FN:9,genCode
FN:12,genQrHash
FN:23,(anonymous_3)
FN:35,(anonymous_4)
FNF:4
FNH:4
FNDA:2,genCode
FNDA:2,genQrHash
FNDA:5,(anonymous_3)
FNDA:2,(anonymous_4)
DA:2,1
DA:3,1
DA:4,1
DA:5,1
DA:6,1
DA:10,2
DA:13,2
DA:22,1
DA:24,5
DA:26,5
DA:27,5
DA:28,1
DA:31,4
DA:32,1
DA:35,3
DA:36,3
DA:37,1
DA:40,2
DA:41,1
DA:44,1
DA:45,1
DA:47,1
DA:48,1
DA:60,1
DA:62,1
DA:63,1
DA:64,2
DA:77,1
DA:79,1
DA:83,1
LF:30
LH:30
BRDA:27,0,0,1
BRDA:27,0,1,4
BRDA:31,1,0,1
BRDA:31,1,1,3
BRDA:36,2,0,1
BRDA:36,2,1,2
BRDA:40,3,0,1
BRDA:40,3,1,1
BRF:8
BRH:8
end_of_record
TN:
SF:src\modules\ticket\ticket.controller.ts
FN:6,qstr
FN:9,qboolStr
FN:14,mustParam
FN:24,(anonymous_4)
FN:36,(anonymous_5)
FN:68,(anonymous_6)
FN:80,(anonymous_7)
FN:93,(anonymous_8)
FN:105,(anonymous_9)
FN:116,(anonymous_10)
FNF:10
FNH:9
FNDA:6,qstr
FNDA:3,qboolStr
FNDA:7,mustParam
FNDA:3,(anonymous_4)
FNDA:3,(anonymous_5)
FNDA:2,(anonymous_6)
FNDA:0,(anonymous_7)
FNDA:1,(anonymous_8)
FNDA:2,(anonymous_9)
FNDA:2,(anonymous_10)
DA:2,1
DA:3,1
DA:4,1
DA:7,6
DA:10,3
DA:11,2
DA:12,2
DA:15,7
DA:16,7
DA:17,0
DA:19,7
DA:22,1
DA:25,3
DA:26,3
DA:27,2
DA:28,2
DA:30,1
DA:31,1
DA:37,3
DA:38,3
DA:39,3
DA:48,3
DA:50,3
DA:51,3
DA:53,3
DA:54,3
DA:56,3
DA:57,3
DA:59,3
DA:60,2
DA:62,1
DA:63,1
DA:69,2
DA:70,2
DA:71,2
DA:72,0
DA:74,2
DA:75,2
DA:81,0
DA:82,0
DA:83,0
DA:84,0
DA:85,0
DA:87,0
DA:88,0
DA:94,1
DA:95,1
DA:96,1
DA:97,1
DA:99,0
DA:100,0
DA:106,2
DA:107,2
DA:108,2
DA:109,1
DA:111,1
DA:112,1
DA:117,2
DA:118,2
DA:119,2
DA:120,1
DA:122,1
DA:123,1
DA:128,1
LF:64
LH:53
BRDA:7,0,0,3
BRDA:7,0,1,3
BRDA:7,1,0,6
BRDA:7,1,1,3
BRDA:10,2,0,1
BRDA:10,2,1,2
BRDA:11,3,0,0
BRDA:11,3,1,2
BRDA:16,4,0,0
BRDA:16,4,1,7
BRDA:16,5,0,7
BRDA:16,5,1,7
BRDA:30,6,0,0
BRDA:30,6,1,1
BRDA:30,7,0,1
BRDA:30,7,1,0
BRDA:38,8,0,3
BRDA:38,8,1,2
BRDA:39,9,0,3
BRDA:39,9,1,1
BRDA:51,10,0,2
BRDA:51,10,1,1
BRDA:54,11,0,1
BRDA:54,11,1,2
BRDA:57,12,0,1
BRDA:57,12,1,2
BRDA:62,13,0,0
BRDA:62,13,1,1
BRDA:74,14,0,1
BRDA:74,14,1,1
BRDA:87,15,0,0
BRDA:87,15,1,0
BRDA:87,16,0,0
BRDA:87,16,1,0
BRDA:99,17,0,0
BRDA:99,17,1,0
BRDA:111,18,0,0
BRDA:111,18,1,1
BRDA:122,19,0,0
BRDA:122,19,1,1
BRF:40
BRH:27
end_of_record
TN:
SF:src\modules\ticket\ticket.routes.ts
FNF:0
FNH:0
DA:1,1
DA:2,1
DA:4,1
DA:5,1
DA:8,1
DA:9,1
DA:10,1
DA:11,1
DA:12,1
DA:15,1
DA:16,1
DA:18,1
LF:12
LH:12
BRF:0
BRH:0
end_of_record
TN:
SF:src\modules\ticket\ticket.service.ts
FN:6,genCode
FN:9,genQrHash
FN:22,(anonymous_3)
FN:44,(anonymous_4)
FN:66,(anonymous_5)
FN:73,(anonymous_6)
FN:113,(anonymous_7)
FN:120,(anonymous_8)
FN:126,(anonymous_9)
FNF:9
FNH:9
FNDA:1,genCode
FNDA:1,genQrHash
FNDA:2,(anonymous_3)
FNDA:5,(anonymous_4)
FNDA:2,(anonymous_5)
FNDA:6,(anonymous_6)
FNDA:2,(anonymous_7)
FNDA:1,(anonymous_8)
FNDA:2,(anonymous_9)
DA:1,1
DA:2,1
DA:3,1
DA:4,1
DA:7,1
DA:10,1
DA:21,1
DA:31,2
DA:41,2
DA:45,5
DA:46,5
DA:47,5
DA:48,5
DA:49,1
DA:50,0
DA:52,4
DA:53,1
DA:54,0
DA:56,3
DA:57,3
DA:59,3
DA:63,3
DA:67,2
DA:68,1
DA:69,1
DA:70,1
DA:80,6
DA:82,6
DA:83,6
DA:84,1
DA:85,0
DA:87,5
DA:88,5
DA:89,1
DA:90,1
DA:91,0
DA:93,4
DA:95,4
DA:96,2
DA:98,1
DA:99,0
DA:103,3
DA:109,3
DA:110,2
DA:114,2
DA:115,2
DA:116,2
DA:117,1
DA:121,1
DA:122,1
DA:123,0
DA:127,2
DA:132,2
DA:133,1
DA:137,1
LF:55
LH:49
BRDA:32,0,0,2
BRDA:32,0,1,1
BRDA:33,1,0,2
BRDA:33,1,1,1
BRDA:39,2,0,1
BRDA:39,2,1,1
BRDA:45,3,0,5
BRDA:45,3,1,4
BRDA:46,4,0,5
BRDA:46,4,1,4
BRDA:48,5,0,1
BRDA:48,5,1,4
BRDA:49,6,0,1
BRDA:49,6,1,0
BRDA:52,7,0,1
BRDA:52,7,1,3
BRDA:53,8,0,1
BRDA:53,8,1,0
BRDA:56,9,0,1
BRDA:56,9,1,2
BRDA:57,10,0,1
BRDA:57,10,1,2
BRDA:67,11,0,1
BRDA:67,11,1,1
BRDA:69,12,0,0
BRDA:69,12,1,1
BRDA:80,13,0,0
BRDA:80,13,1,6
BRDA:83,14,0,1
BRDA:83,14,1,5
BRDA:84,15,0,1
BRDA:84,15,1,0
BRDA:87,16,0,2
BRDA:87,16,1,3
BRDA:88,17,0,1
BRDA:88,17,1,4
BRDA:90,18,0,1
BRDA:90,18,1,0
BRDA:90,19,0,1
BRDA:90,19,1,1
BRDA:93,20,0,0
BRDA:93,20,1,4
BRDA:95,21,0,2
BRDA:95,21,1,2
BRDA:96,22,0,1
BRDA:96,22,1,1
BRDA:98,23,0,1
BRDA:98,23,1,0
BRDA:109,24,0,1
BRDA:109,24,1,2
BRDA:114,25,0,0
BRDA:114,25,1,2
BRDA:116,26,0,1
BRDA:116,26,1,1
BRDA:122,27,0,1
BRDA:122,27,1,0
BRDA:132,28,0,1
BRDA:132,28,1,1
BRF:58
BRH:48
end_of_record
TN:
SF:src\modules\ticket\dto\index.ts
FN:21,assertCreateTicketDTO
FN:30,sanitizeUpdateTicketDTO
FNF:2
FNH:2
FNDA:8,assertCreateTicketDTO
FNDA:4,sanitizeUpdateTicketDTO
DA:21,2
DA:22,8
DA:23,8
DA:24,6
DA:25,5
DA:26,4
DA:27,4
DA:30,2
DA:31,4
DA:32,4
DA:34,3
DA:35,3
DA:36,3
DA:37,2
DA:38,2
DA:39,1
DA:41,2
DA:43,2
DA:44,1
DA:46,2
LF:20
LH:20
BRDA:22,0,0,0
BRDA:22,0,1,8
BRDA:22,1,0,8
BRDA:22,1,1,8
BRDA:23,2,0,2
BRDA:23,2,1,6
BRDA:23,3,0,8
BRDA:23,3,1,6
BRDA:24,4,0,1
BRDA:24,4,1,5
BRDA:24,5,0,6
BRDA:24,5,1,5
BRDA:25,6,0,1
BRDA:25,6,1,4
BRDA:25,7,0,5
BRDA:25,7,1,4
BRDA:27,8,0,1
BRDA:27,8,1,3
BRDA:27,9,0,4
BRDA:27,9,1,4
BRDA:32,10,0,1
BRDA:32,10,1,3
BRDA:32,11,0,4
BRDA:32,11,1,3
BRDA:34,12,0,1
BRDA:34,12,1,2
BRDA:35,13,0,1
BRDA:35,13,1,2
BRDA:36,14,0,2
BRDA:36,14,1,1
BRDA:38,15,0,1
BRDA:38,15,1,1
BRDA:38,16,0,2
BRDA:38,16,1,2
BRDA:41,17,0,1
BRDA:41,17,1,1
BRDA:43,18,0,1
BRDA:43,18,1,1
BRDA:44,19,0,1
BRDA:44,19,1,0
BRF:40
BRH:38
end_of_record
TN:
SF:src\modules\user\role.controller.ts
FN:6,(anonymous_0)
FN:8,(anonymous_1)
FN:17,(anonymous_2)
FN:30,(anonymous_3)
FN:39,(anonymous_4)
FN:52,(anonymous_5)
FN:65,(anonymous_6)
FNF:7
FNH:7
FNDA:1,(anonymous_0)
FNDA:1,(anonymous_1)
FNDA:2,(anonymous_2)
FNDA:2,(anonymous_3)
FNDA:2,(anonymous_4)
FNDA:1,(anonymous_5)
FNDA:3,(anonymous_6)
DA:2,1
DA:3,1
DA:6,1
DA:9,1
DA:10,1
DA:11,1
DA:13,0
DA:18,2
DA:19,2
DA:20,2
DA:21,0
DA:23,2
DA:24,1
DA:26,1
DA:31,2
DA:32,2
DA:33,1
DA:35,1
DA:40,2
DA:41,2
DA:42,2
DA:43,1
DA:45,1
DA:46,1
DA:48,1
DA:53,1
DA:54,1
DA:55,1
DA:56,0
DA:58,1
DA:59,1
DA:61,0
DA:66,3
DA:67,3
DA:70,3
DA:72,0
DA:73,0
DA:79,1
LF:38
LH:32
BRDA:20,0,0,0
BRDA:20,0,1,2
BRDA:42,1,0,1
BRDA:42,1,1,1
BRDA:55,2,0,0
BRDA:55,2,1,1
BRDA:66,3,0,3
BRDA:66,3,1,0
BRF:8
BRH:5
end_of_record
TN:
SF:src\modules\user\role.service.ts
FN:9,(anonymous_1)
FN:13,(anonymous_2)
FN:21,(anonymous_3)
FN:34,(anonymous_4)
FN:47,(anonymous_5)
FNF:5
FNH:5
FNDA:1,(anonymous_1)
FNDA:2,(anonymous_2)
FNDA:2,(anonymous_3)
FNDA:2,(anonymous_4)
FNDA:2,(anonymous_5)
DA:2,2
DA:5,2
DA:6,2
DA:8,2
DA:10,1
DA:14,2
DA:15,2
DA:16,1
DA:18,1
DA:22,2
DA:25,2
DA:26,1
DA:29,1
DA:30,1
DA:31,1
DA:38,2
DA:41,2
DA:42,1
DA:44,1
DA:48,2
DA:49,2
DA:50,1
DA:55,1
DA:56,1
DA:57,0
DA:59,1
LF:26
LH:25
BRDA:15,0,0,1
BRDA:15,0,1,1
BRDA:25,1,0,1
BRDA:25,1,1,1
BRDA:41,2,0,1
BRDA:41,2,1,1
BRDA:49,3,0,1
BRDA:49,3,1,1
BRDA:56,4,0,0
BRDA:56,4,1,1
BRF:10
BRH:9
end_of_record
TN:
SF:src\modules\user\user.controller.ts
FN:8,(anonymous_0)
FN:10,(anonymous_1)
FN:19,(anonymous_2)
FN:36,(anonymous_3)
FN:49,(anonymous_4)
FN:58,(anonymous_5)
FN:67,(anonymous_6)
FN:84,(anonymous_7)
FN:100,(anonymous_8)
FN:117,(anonymous_9)
FNF:10
FNH:10
FNDA:1,(anonymous_0)
FNDA:1,(anonymous_1)
FNDA:1,(anonymous_2)
FNDA:2,(anonymous_3)
FNDA:1,(anonymous_4)
FNDA:1,(anonymous_5)
FNDA:2,(anonymous_6)
FNDA:1,(anonymous_7)
FNDA:1,(anonymous_8)
FNDA:2,(anonymous_9)
DA:3,1
DA:4,1
DA:8,1
DA:11,1
DA:12,1
DA:13,1
DA:15,0
DA:20,1
DA:21,1
DA:22,1
DA:23,0
DA:29,1
DA:30,1
DA:32,0
DA:37,2
DA:38,2
DA:39,2
DA:40,1
DA:42,1
DA:43,1
DA:45,1
DA:50,1
DA:51,1
DA:52,1
DA:54,0
DA:59,1
DA:60,1
DA:61,1
DA:63,0
DA:68,2
DA:69,2
DA:70,2
DA:71,1
DA:77,1
DA:78,1
DA:80,1
DA:85,1
DA:86,1
DA:87,1
DA:88,1
DA:90,1
DA:94,1
DA:96,0
DA:101,1
DA:102,1
DA:103,1
DA:104,0
DA:110,1
DA:111,1
DA:113,0
DA:118,2
DA:119,2
DA:126,2
DA:129,0
DA:130,0
DA:136,1
DA:137,1
LF:57
LH:47
BRDA:22,0,0,0
BRDA:22,0,1,1
BRDA:39,1,0,1
BRDA:39,1,1,1
BRDA:39,2,0,2
BRDA:39,2,1,1
BRDA:70,3,0,1
BRDA:70,3,1,1
BRDA:103,4,0,0
BRDA:103,4,1,1
BRDA:118,5,0,2
BRDA:118,5,1,0
BRF:12
BRH:9
end_of_record
TN:
SF:src\modules\user\user.service.ts
FN:14,(anonymous_1)
FN:18,(anonymous_2)
FN:26,(anonymous_3)
FN:34,(anonymous_4)
FN:44,(anonymous_5)
FN:65,(anonymous_6)
FN:78,(anonymous_7)
FNF:7
FNH:6
FNDA:1,(anonymous_1)
FNDA:1,(anonymous_2)
FNDA:0,(anonymous_3)
FNDA:2,(anonymous_4)
FNDA:3,(anonymous_5)
FNDA:2,(anonymous_6)
FNDA:2,(anonymous_7)
DA:1,4
DA:3,4
DA:4,4
DA:5,4
DA:13,4
DA:15,1
DA:19,1
DA:20,1
DA:21,1
DA:23,0
DA:29,0
DA:35,2
DA:38,2
DA:39,1
DA:41,1
DA:45,3
DA:46,3
DA:47,1
DA:50,2
DA:51,2
DA:52,1
DA:55,1
DA:56,1
DA:61,1
DA:62,1
DA:69,2
DA:72,2
DA:73,1
DA:75,1
DA:79,2
DA:80,2
DA:81,1
DA:83,1
LF:33
LH:31
BRDA:20,0,0,1
BRDA:20,0,1,0
BRDA:38,1,0,1
BRDA:38,1,1,1
BRDA:46,2,0,1
BRDA:46,2,1,2
BRDA:51,3,0,1
BRDA:51,3,1,1
BRDA:72,4,0,1
BRDA:72,4,1,1
BRDA:80,5,0,1
BRDA:80,5,1,1
BRF:12
BRH:11
end_of_record
TN:
SF:src\utils\errors\ApiError.ts
FN:14,(anonymous_0)
FN:28,(anonymous_1)
FN:34,(anonymous_2)
FN:40,(anonymous_3)
FN:46,(anonymous_4)
FNF:5
FNH:4
FNDA:30,(anonymous_0)
FNDA:5,(anonymous_1)
FNDA:12,(anonymous_2)
FNDA:5,(anonymous_3)
FNDA:0,(anonymous_4)
DA:9,25
DA:20,30
DA:21,30
DA:22,30
DA:23,30
DA:27,25
DA:29,5
DA:33,25
DA:35,12
DA:39,25
DA:41,5
DA:45,25
DA:47,0
LF:13
LH:12
BRDA:18,0,0,25
BRDA:28,1,0,5
BRDA:46,2,0,0
BRF:3
BRH:2
end_of_record
