TN:
SF:src\modules\ticket\ticket.controller.ts
FN:6,qstr
FN:9,qboolStr
FN:14,mustParam
FN:24,(anonymous_4)
FN:36,(anonymous_5)
FN:68,(anonymous_6)
FN:80,(anonymous_7)
FN:93,(anonymous_8)
FN:105,(anonymous_9)
FN:116,(anonymous_10)
FNF:10
FNH:9
FNDA:6,qstr
FNDA:3,qboolStr
FNDA:7,mustParam
FNDA:3,(anonymous_4)
FNDA:3,(anonymous_5)
FNDA:2,(anonymous_6)
FNDA:0,(anonymous_7)
FNDA:1,(anonymous_8)
FNDA:2,(anonymous_9)
FNDA:2,(anonymous_10)
DA:2,1
DA:3,1
DA:4,1
DA:7,6
DA:10,3
DA:11,2
DA:12,2
DA:15,7
DA:16,7
DA:17,0
DA:19,7
DA:22,1
DA:25,3
DA:26,3
DA:27,2
DA:28,2
DA:30,1
DA:31,1
DA:37,3
DA:38,3
DA:39,3
DA:48,3
DA:50,3
DA:51,3
DA:53,3
DA:54,3
DA:56,3
DA:57,3
DA:59,3
DA:60,2
DA:62,1
DA:63,1
DA:69,2
DA:70,2
DA:71,2
DA:72,0
DA:74,2
DA:75,2
DA:81,0
DA:82,0
DA:83,0
DA:84,0
DA:85,0
DA:87,0
DA:88,0
DA:94,1
DA:95,1
DA:96,1
DA:97,1
DA:99,0
DA:100,0
DA:106,2
DA:107,2
DA:108,2
DA:109,1
DA:111,1
DA:112,1
DA:117,2
DA:118,2
DA:119,2
DA:120,1
DA:122,1
DA:123,1
DA:128,1
LF:64
LH:53
BRDA:7,0,0,3
BRDA:7,0,1,3
BRDA:7,1,0,6
BRDA:7,1,1,3
BRDA:10,2,0,1
BRDA:10,2,1,2
BRDA:11,3,0,0
BRDA:11,3,1,2
BRDA:16,4,0,0
BRDA:16,4,1,7
BRDA:16,5,0,7
BRDA:16,5,1,7
BRDA:30,6,0,0
BRDA:30,6,1,1
BRDA:30,7,0,1
BRDA:30,7,1,0
BRDA:38,8,0,3
BRDA:38,8,1,2
BRDA:39,9,0,3
BRDA:39,9,1,1
BRDA:51,10,0,2
BRDA:51,10,1,1
BRDA:54,11,0,1
BRDA:54,11,1,2
BRDA:57,12,0,1
BRDA:57,12,1,2
BRDA:62,13,0,0
BRDA:62,13,1,1
BRDA:74,14,0,1
BRDA:74,14,1,1
BRDA:87,15,0,0
BRDA:87,15,1,0
BRDA:87,16,0,0
BRDA:87,16,1,0
BRDA:99,17,0,0
BRDA:99,17,1,0
BRDA:111,18,0,0
BRDA:111,18,1,1
BRDA:122,19,0,0
BRDA:122,19,1,1
BRF:40
BRH:27
end_of_record
TN:
SF:src\modules\ticket\ticket.routes.ts
FNF:0
FNH:0
DA:1,1
DA:2,1
DA:4,1
DA:5,1
DA:8,1
DA:9,1
DA:10,1
DA:11,1
DA:12,1
DA:15,1
DA:16,1
DA:18,1
LF:12
LH:12
BRF:0
BRH:0
end_of_record
TN:
SF:src\modules\ticket\ticket.service.ts
FN:6,genCode
FN:9,genQrHash
FN:22,(anonymous_3)
FN:44,(anonymous_4)
FN:66,(anonymous_5)
FN:73,(anonymous_6)
FN:113,(anonymous_7)
FN:120,(anonymous_8)
FN:126,(anonymous_9)
FNF:9
FNH:9
FNDA:1,genCode
FNDA:1,genQrHash
FNDA:2,(anonymous_3)
FNDA:5,(anonymous_4)
FNDA:2,(anonymous_5)
FNDA:6,(anonymous_6)
FNDA:2,(anonymous_7)
FNDA:1,(anonymous_8)
FNDA:2,(anonymous_9)
DA:1,1
DA:2,1
DA:3,1
DA:4,1
DA:7,1
DA:10,1
DA:21,1
DA:31,2
DA:41,2
DA:45,5
DA:46,5
DA:47,5
DA:48,5
DA:49,1
DA:50,0
DA:52,4
DA:53,1
DA:54,0
DA:56,3
DA:57,3
DA:59,3
DA:63,3
DA:67,2
DA:68,1
DA:69,1
DA:70,1
DA:80,6
DA:82,6
DA:83,6
DA:84,1
DA:85,0
DA:87,5
DA:88,5
DA:89,1
DA:90,1
DA:91,0
DA:93,4
DA:95,4
DA:96,2
DA:98,1
DA:99,0
DA:103,3
DA:109,3
DA:110,2
DA:114,2
DA:115,2
DA:116,2
DA:117,1
DA:121,1
DA:122,1
DA:123,0
DA:127,2
DA:132,2
DA:133,1
DA:137,1
LF:55
LH:49
BRDA:32,0,0,2
BRDA:32,0,1,1
BRDA:33,1,0,2
BRDA:33,1,1,1
BRDA:39,2,0,1
BRDA:39,2,1,1
BRDA:45,3,0,5
BRDA:45,3,1,4
BRDA:46,4,0,5
BRDA:46,4,1,4
BRDA:48,5,0,1
BRDA:48,5,1,4
BRDA:49,6,0,1
BRDA:49,6,1,0
BRDA:52,7,0,1
BRDA:52,7,1,3
BRDA:53,8,0,1
BRDA:53,8,1,0
BRDA:56,9,0,1
BRDA:56,9,1,2
BRDA:57,10,0,1
BRDA:57,10,1,2
BRDA:67,11,0,1
BRDA:67,11,1,1
BRDA:69,12,0,0
BRDA:69,12,1,1
BRDA:80,13,0,0
BRDA:80,13,1,6
BRDA:83,14,0,1
BRDA:83,14,1,5
BRDA:84,15,0,1
BRDA:84,15,1,0
BRDA:87,16,0,2
BRDA:87,16,1,3
BRDA:88,17,0,1
BRDA:88,17,1,4
BRDA:90,18,0,1
BRDA:90,18,1,0
BRDA:90,19,0,1
BRDA:90,19,1,1
BRDA:93,20,0,0
BRDA:93,20,1,4
BRDA:95,21,0,2
BRDA:95,21,1,2
BRDA:96,22,0,1
BRDA:96,22,1,1
BRDA:98,23,0,1
BRDA:98,23,1,0
BRDA:109,24,0,1
BRDA:109,24,1,2
BRDA:114,25,0,0
BRDA:114,25,1,2
BRDA:116,26,0,1
BRDA:116,26,1,1
BRDA:122,27,0,1
BRDA:122,27,1,0
BRDA:132,28,0,1
BRDA:132,28,1,1
BRF:58
BRH:48
end_of_record
TN:
SF:src\modules\ticket\dto\index.ts
FN:21,assertCreateTicketDTO
FN:30,sanitizeUpdateTicketDTO
FNF:2
FNH:2
FNDA:8,assertCreateTicketDTO
FNDA:4,sanitizeUpdateTicketDTO
DA:21,2
DA:22,8
DA:23,8
DA:24,6
DA:25,5
DA:26,4
DA:27,4
DA:30,2
DA:31,4
DA:32,4
DA:34,3
DA:35,3
DA:36,3
DA:37,2
DA:38,2
DA:39,1
DA:41,2
DA:43,2
DA:44,1
DA:46,2
LF:20
LH:20
BRDA:22,0,0,0
BRDA:22,0,1,8
BRDA:22,1,0,8
BRDA:22,1,1,8
BRDA:23,2,0,2
BRDA:23,2,1,6
BRDA:23,3,0,8
BRDA:23,3,1,6
BRDA:24,4,0,1
BRDA:24,4,1,5
BRDA:24,5,0,6
BRDA:24,5,1,5
BRDA:25,6,0,1
BRDA:25,6,1,4
BRDA:25,7,0,5
BRDA:25,7,1,4
BRDA:27,8,0,1
BRDA:27,8,1,3
BRDA:27,9,0,4
BRDA:27,9,1,4
BRDA:32,10,0,1
BRDA:32,10,1,3
BRDA:32,11,0,4
BRDA:32,11,1,3
BRDA:34,12,0,1
BRDA:34,12,1,2
BRDA:35,13,0,1
BRDA:35,13,1,2
BRDA:36,14,0,2
BRDA:36,14,1,1
BRDA:38,15,0,1
BRDA:38,15,1,1
BRDA:38,16,0,2
BRDA:38,16,1,2
BRDA:41,17,0,1
BRDA:41,17,1,1
BRDA:43,18,0,1
BRDA:43,18,1,1
BRDA:44,19,0,1
BRDA:44,19,1,0
BRF:40
BRH:38
end_of_record
